2020-07-11 18:07:15 INFO  LoggerHelper :21 - Log is configured
2020-07-11 18:07:292 INFO  LoggerHelper :21 - Log is configured
2020-07-11 18:07:796 INFO  LoggerHelper :21 - Log is configured
2020-07-11 18:07:471 INFO  LoggerHelper :21 - Log is configured
2020-07-25 23:07:378 INFO  LoggerHelper :28 - Log is configured
2020-09-01 23:09:356 INFO  ExcelHelper :46 - number of active rows are: 2----number of active columns in row: 2
2020-09-01 23:09:496 INFO  ExcelHelper :46 - number of active rows are: 2----number of active columns in row: 2
2020-09-01 23:09:37 INFO  ExcelHelper :46 - number of active rows are: 2----number of active columns in row: 2
2020-09-01 23:09:445 INFO  ExcelHelper :46 - number of active rows are: 2----number of active columns in row: 3
2020-09-01 23:09:488 INFO  ExcelHelper :46 - number of active rows are: 2----number of active columns in row: 3
2020-09-02 00:09:188 INFO  ExcelHelper :46 - number of active rows are: 2----number of active columns in row: 3
2020-09-02 00:09:821 INFO  ExcelHelper :46 - number of active rows are: 2----number of active columns in row: 3
2020-09-02 00:09:937 INFO  ExcelHelper :46 - number of active rows are: 2----number of active columns in row: 3
2020-09-02 00:09:68 INFO  ExcelHelper :46 - number of active rows are: 2----number of active columns in row: 3
2020-09-02 00:09:965 INFO  ExcelHelper :46 - number of active rows are: 2----number of active columns in row: 2
2020-09-02 00:09:338 INFO  ExcelHelper :46 - number of active rows are: 2----number of active columns in row: 2
2020-09-02 00:09:337 INFO  ExcelHelper :46 - number of active rows are: 2----number of active columns in row: 2
2020-09-02 00:09:23 INFO  ExcelHelper :48 - number of active rows are: 2----number of active columns in row: 2
2020-09-02 00:09:185 INFO  ExcelHelper :48 - number of active rows are: 2----number of active columns in row: 3
2020-09-02 00:09:982 INFO  ExcelHelper :48 - number of active rows are: 2----number of active columns in row: 5
2020-09-02 16:09:976 INFO  ExcelHelper :48 - number of active rows are: 2----number of active columns in row: 5
2020-09-02 22:09:276 INFO  ExcelHelper :48 - number of active rows are: 2----number of active columns in row: 5
2020-09-02 22:09:820 INFO  ExcelHelper :48 - number of active rows are: 2----number of active columns in row: 5
2020-09-02 23:09:634 INFO  ExcelHelper :49 - number of active rows are: 3----number of active columns in row: 5
2020-09-02 23:09:677 INFO  ExcelHelper :164 - update status....
2020-09-02 23:09:115 INFO  ExcelHelper :49 - number of active rows are: 3----number of active columns in row: 5
2020-09-02 23:09:158 INFO  ExcelHelper :166 - update status....
2020-09-02 23:09:621 INFO  ExcelHelper :166 - update status....
2020-09-03 00:09:430 INFO  ExcelHelper :166 - update status....
2020-09-03 00:09:782 INFO  ExcelHelper :50 - number of active rows are: 2----number of active columns in row: 3
2020-09-03 00:09:956 INFO  ExcelHelper :167 - update status....
2020-09-03 00:09:31 INFO  ExcelHelper :50 - number of active rows are: 2----number of active columns in row: 3
2020-09-04 00:09:62 INFO  ExcelHelper :50 - number of active rows are: 2----number of active columns in row: 3
2020-09-05 23:09:316 INFO  AssertionHelper :18 - making script pass....
2020-09-05 23:09:392 INFO  AssertionHelper :28 - making script fail....
2020-09-05 23:09:397 INFO  AssertionHelper :18 - making script pass....
2020-09-05 23:09:399 INFO  AssertionHelper :28 - making script fail....
2020-09-05 23:09:186 INFO  AssertionHelper :18 - making script pass....
2020-09-05 23:09:603 INFO  AssertionHelper :28 - making script fail....
2020-09-05 23:09:701 INFO  AssertionHelper :18 - making script pass....
2020-09-05 23:09:773 INFO  AssertionHelper :28 - making script fail....
2020-09-05 23:09:22 INFO  AssertionHelper :18 - making script pass....
2020-09-05 23:09:445 INFO  AssertionHelper :18 - making script pass....
2020-09-06 00:09:566 INFO  AssertionHelper :18 - making script pass....
2020-09-06 00:09:965 INFO  AssertionHelper :18 - making script pass....
2020-09-06 00:09:558 INFO  AssertionHelper :18 - making script pass....
2020-09-06 00:09:07 INFO  AssertionHelper :18 - making script pass....
2020-09-06 00:09:165 INFO  AssertionHelper :18 - making script pass....
2020-09-06 00:09:290 INFO  AssertionHelper :18 - making script pass....
2020-09-06 00:09:776 INFO  AssertionHelper :18 - making script pass....
2020-09-06 00:09:245 INFO  AssertionHelper :18 - making script pass....
2020-09-06 00:09:385 INFO  AssertionHelper :18 - making script pass....
2020-09-06 00:09:496 INFO  AssertionHelper :18 - making script pass....
2020-09-07 00:09:208 INFO  TestBase :110 - Initialize Web driver: 1569435561
2020-09-07 00:09:243 INFO  WaitHelper :37 - Implicit Wait has been set to: 120
2020-09-07 00:09:250 INFO  WaitHelper :47 - waiting for page to load: 100
2020-09-07 00:09:896 INFO  TestBase :110 - Initialize Web driver: 156710276
2020-09-07 00:09:899 INFO  WaitHelper :37 - Implicit Wait has been set to: 120
2020-09-07 00:09:906 INFO  WaitHelper :47 - waiting for page to load: 100
2020-09-07 00:09:238 INFO  TestBase :110 - Initialize Web driver: 156710276
2020-09-07 00:09:242 INFO  WaitHelper :37 - Implicit Wait has been set to: 120
2020-09-07 00:09:248 INFO  WaitHelper :47 - waiting for page to load: 100
2020-09-07 00:09:919 INFO  TestBase :110 - Initialize Web driver: 156710276
2020-09-07 00:09:921 INFO  WaitHelper :37 - Implicit Wait has been set to: 120
2020-09-07 00:09:929 INFO  WaitHelper :47 - waiting for page to load: 100
2020-09-07 00:09:628 INFO  TestBase :110 - Initialize Web driver: 53940034
2020-09-07 00:09:631 INFO  WaitHelper :37 - Implicit Wait has been set to: 120
2020-09-07 00:09:638 INFO  WaitHelper :47 - waiting for page to load: 100
2020-09-07 01:09:620 INFO  TestBase :110 - Initialize Web driver: 156710276
2020-09-07 01:09:623 INFO  WaitHelper :37 - Implicit Wait has been set to: 120
2020-09-07 01:09:629 INFO  WaitHelper :47 - waiting for page to load: 100
2020-09-07 01:09:101 INFO  TestBase :110 - Initialize Web driver: 156710276
2020-09-07 01:09:104 INFO  WaitHelper :37 - Implicit Wait has been set to: 120
2020-09-07 01:09:111 INFO  WaitHelper :47 - waiting for page to load: 100
2020-09-07 01:09:41 INFO  TestBase :110 - Initialize Web driver: 156710276
2020-09-07 01:09:44 INFO  WaitHelper :37 - Implicit Wait has been set to: 120
2020-09-07 01:09:50 INFO  WaitHelper :47 - waiting for page to load: 100
2020-09-07 01:09:981 INFO  TestBase :110 - Initialize Web driver: 156710276
2020-09-07 01:09:983 INFO  WaitHelper :37 - Implicit Wait has been set to: 120
2020-09-07 01:09:990 INFO  WaitHelper :47 - waiting for page to load: 100
2020-09-07 01:09:611 INFO  TestBase :110 - Initialize Web driver: 156710276
2020-09-07 01:09:614 INFO  WaitHelper :37 - Implicit Wait has been set to: 120
2020-09-07 01:09:620 INFO  WaitHelper :47 - waiting for page to load: 100
2020-09-07 11:09:170 INFO  TestBase :110 - Initialize Web driver: 156710276
2020-09-07 11:09:173 INFO  WaitHelper :37 - Implicit Wait has been set to: 120
2020-09-07 11:09:317 INFO  WaitHelper :47 - waiting for page to load: 100
2020-09-07 11:09:788 INFO  TestBase :110 - Initialize Web driver: 156710276
2020-09-07 11:09:791 INFO  WaitHelper :37 - Implicit Wait has been set to: 120
2020-09-07 11:09:798 INFO  WaitHelper :47 - waiting for page to load: 100
2020-09-07 23:09:85 INFO  TestBase :110 - Initialize Web driver: 2058135834
2020-09-07 23:09:137 INFO  WaitHelper :37 - Implicit Wait has been set to: 120
2020-09-07 23:09:249 INFO  WaitHelper :47 - waiting for page to load: 100
2020-09-07 23:09:330 INFO  AssertionHelper :18 - making script pass....
2020-09-07 23:09:927 INFO  AssertionHelper :18 - making script pass....
2020-09-07 23:09:543 INFO  TestBase :110 - Initialize Web driver: 1215951090
2020-09-07 23:09:544 INFO  WaitHelper :37 - Implicit Wait has been set to: 120
2020-09-07 23:09:547 INFO  WaitHelper :47 - waiting for page to load: 100
2020-09-07 23:09:566 INFO  AssertionHelper :18 - making script pass....
2020-09-07 23:09:672 INFO  AssertionHelper :18 - making script pass....
2020-09-07 23:09:77 INFO  TestBase :110 - Initialize Web driver: 35984028
2020-09-07 23:09:80 INFO  WaitHelper :37 - Implicit Wait has been set to: 120
2020-09-07 23:09:89 INFO  WaitHelper :47 - waiting for page to load: 100
2020-09-07 23:09:128 INFO  AssertionHelper :18 - making script pass....
2020-09-07 23:09:605 INFO  AssertionHelper :18 - making script pass....
2020-09-07 23:09:300 INFO  TestBase :110 - Initialize Web driver: 1527214863
2020-09-07 23:09:301 INFO  WaitHelper :37 - Implicit Wait has been set to: 120
2020-09-07 23:09:305 INFO  WaitHelper :47 - waiting for page to load: 100
2020-09-07 23:09:323 INFO  AssertionHelper :18 - making script pass....
2020-09-07 23:09:414 INFO  AssertionHelper :18 - making script pass....
2020-09-07 23:09:870 INFO  TestBase :110 - Initialize Web driver: 809383315
2020-09-07 23:09:871 INFO  WaitHelper :37 - Implicit Wait has been set to: 120
2020-09-07 23:09:875 INFO  WaitHelper :47 - waiting for page to load: 100
2020-09-07 23:09:921 INFO  TestBase :110 - Initialize Web driver: 35984028
2020-09-07 23:09:924 INFO  WaitHelper :37 - Implicit Wait has been set to: 120
2020-09-07 23:09:931 INFO  WaitHelper :47 - waiting for page to load: 100
2020-09-07 23:09:963 INFO  AssertionHelper :18 - making script pass....
2020-09-07 23:09:388 INFO  AssertionHelper :18 - making script pass....
2020-09-07 23:09:877 INFO  TestBase :110 - Initialize Web driver: 1527214863
2020-09-07 23:09:877 INFO  WaitHelper :37 - Implicit Wait has been set to: 120
2020-09-07 23:09:881 INFO  WaitHelper :47 - waiting for page to load: 100
2020-09-07 23:09:898 INFO  AssertionHelper :18 - making script pass....
2020-09-07 23:09:987 INFO  AssertionHelper :18 - making script pass....
2020-09-07 23:09:823 INFO  TestBase :110 - Initialize Web driver: 809383315
2020-09-07 23:09:823 INFO  WaitHelper :37 - Implicit Wait has been set to: 120
2020-09-07 23:09:827 INFO  WaitHelper :47 - waiting for page to load: 100
2020-09-07 23:09:550 INFO  TestBase :110 - Initialize Web driver: 35984028
2020-09-07 23:09:553 INFO  WaitHelper :37 - Implicit Wait has been set to: 120
2020-09-07 23:09:560 INFO  WaitHelper :47 - waiting for page to load: 100
2020-09-07 23:09:591 INFO  AssertionHelper :18 - making script pass....
2020-09-07 23:09:20 INFO  AssertionHelper :18 - making script pass....
2020-09-07 23:09:525 INFO  TestBase :110 - Initialize Web driver: 1527214863
2020-09-07 23:09:525 INFO  WaitHelper :37 - Implicit Wait has been set to: 120
2020-09-07 23:09:528 INFO  WaitHelper :47 - waiting for page to load: 100
2020-09-07 23:09:552 INFO  AssertionHelper :18 - making script pass....
2020-09-07 23:09:654 INFO  AssertionHelper :18 - making script pass....
2020-09-07 23:09:334 INFO  TestBase :110 - Initialize Web driver: 809383315
2020-09-07 23:09:335 INFO  WaitHelper :37 - Implicit Wait has been set to: 120
2020-09-07 23:09:339 INFO  WaitHelper :47 - waiting for page to load: 100
2020-09-07 23:09:876 INFO  TestBase :110 - Initialize Web driver: 67749199
2020-09-07 23:09:879 INFO  WaitHelper :37 - Implicit Wait has been set to: 120
2020-09-07 23:09:886 INFO  WaitHelper :47 - waiting for page to load: 100
2020-09-07 23:09:750 INFO  TestBase :110 - Initialize Web driver: 892083096
2020-09-07 23:09:753 INFO  WaitHelper :37 - Implicit Wait has been set to: 120
2020-09-07 23:09:760 INFO  WaitHelper :47 - waiting for page to load: 100
2020-09-08 00:09:489 INFO  TestBase :116 - Initialize Web driver: 35984028
2020-09-08 00:09:492 INFO  WaitHelper :37 - Implicit Wait has been set to: 120
2020-09-08 00:09:500 INFO  WaitHelper :47 - waiting for page to load: 100
2020-09-08 00:09:535 INFO  AssertionHelper :18 - making script pass....
2020-09-08 00:09:540 INFO  AssertionHelper :18 - making script pass....
2020-09-08 00:09:536 INFO  TestBase :116 - Initialize Web driver: 1865201235
2020-09-08 00:09:536 INFO  WaitHelper :37 - Implicit Wait has been set to: 120
2020-09-08 00:09:542 INFO  WaitHelper :47 - waiting for page to load: 100
2020-09-08 00:09:561 INFO  AssertionHelper :18 - making script pass....
2020-09-08 00:09:354 INFO  AssertionHelper :18 - making script pass....
2020-09-08 00:09:645 INFO  TestBase :116 - Initialize Web driver: 633131207
2020-09-08 00:09:646 INFO  WaitHelper :37 - Implicit Wait has been set to: 120
2020-09-08 00:09:651 INFO  WaitHelper :47 - waiting for page to load: 100
2020-09-08 00:09:166 INFO  AssertionHelper :18 - making script pass....
2020-09-08 00:09:199 INFO  AssertionHelper :18 - making script pass....
2020-09-08 00:09:530 INFO  AssertionHelper :18 - making script pass....
2020-09-08 00:09:545 INFO  AssertionHelper :18 - making script pass....
2020-09-08 00:09:72 INFO  TestBase :116 - Initialize Web driver: 1896552614
2020-09-08 00:09:73 INFO  WaitHelper :37 - Implicit Wait has been set to: 120
2020-09-08 00:09:81 INFO  WaitHelper :47 - waiting for page to load: 100
2020-09-08 00:09:398 INFO  ExtentListener :29 - Test1 Class Started..
2020-09-08 00:09:413 INFO  ExtentListener :53 - login Test Started..
2020-09-08 00:09:414 INFO  AssertionHelper :18 - making script pass....
2020-09-08 00:09:420 INFO  ExtentListener :59 - login Test Passed..
2020-09-08 00:09:438 INFO  ExtentListener :21 - Test1 Test Finished..
2020-09-08 00:09:440 INFO  ExtentListener :29 - Test2 Class Started..
2020-09-08 00:09:442 INFO  ExtentListener :53 - login4 Test Started..
2020-09-08 00:09:446 ERROR ExtentListener :40 - login4 Test Failed..java.lang.AssertionError: expected [true] but found [false]
2020-09-08 00:09:458 INFO  ExtentListener :21 - Test2 Test Finished..
2020-09-08 00:09:459 INFO  ExtentListener :29 - TestScreenShot Class Started..
2020-09-08 00:09:978 INFO  TestBase :116 - Initialize Web driver: 2091072548
2020-09-08 00:09:979 INFO  WaitHelper :37 - Implicit Wait has been set to: 120
2020-09-08 00:09:988 INFO  WaitHelper :47 - waiting for page to load: 100
2020-09-08 00:09:14 INFO  ExtentListener :53 - testscreen1 Test Started..
2020-09-08 00:09:290 INFO  ExtentListener :59 - testscreen1 Test Passed..
2020-09-08 00:09:76 INFO  ExtentListener :53 - testscreen2 Test Started..
2020-09-08 00:09:217 INFO  ExtentListener :59 - testscreen2 Test Passed..
2020-09-08 00:09:951 INFO  ExtentListener :21 - TestScreenShot Test Finished..
2020-09-08 00:09:449 INFO  ExtentListener :29 - Test1 Class Started..
2020-09-08 00:09:957 INFO  TestBase :116 - Initialize Web driver: 2072724423
2020-09-08 00:09:958 INFO  WaitHelper :37 - Implicit Wait has been set to: 120
2020-09-08 00:09:965 INFO  WaitHelper :47 - waiting for page to load: 100
2020-09-08 00:09:999 INFO  ExtentListener :53 - login Test Started..
2020-09-08 00:09:00 INFO  AssertionHelper :18 - making script pass....
2020-09-08 00:09:02 INFO  ExtentListener :59 - login Test Passed..
2020-09-08 00:09:630 INFO  ExtentListener :21 - Test1 Test Finished..
2020-09-08 00:09:633 INFO  ExtentListener :29 - Test2 Class Started..
2020-09-08 00:09:926 INFO  TestBase :116 - Initialize Web driver: 332365138
2020-09-08 00:09:927 INFO  WaitHelper :37 - Implicit Wait has been set to: 120
2020-09-08 00:09:931 INFO  WaitHelper :47 - waiting for page to load: 100
2020-09-08 00:09:951 INFO  ExtentListener :53 - login4 Test Started..
2020-09-08 00:09:960 ERROR ExtentListener :40 - login4 Test Failed..java.lang.AssertionError: expected [true] but found [false]
2020-09-08 00:09:331 INFO  ExtentListener :21 - Test2 Test Finished..
2020-09-08 00:09:332 INFO  ExtentListener :29 - TestScreenShot Class Started..
2020-09-08 00:09:735 INFO  TestBase :116 - Initialize Web driver: 166536076
2020-09-08 00:09:735 INFO  WaitHelper :37 - Implicit Wait has been set to: 120
2020-09-08 00:09:739 INFO  WaitHelper :47 - waiting for page to load: 100
2020-09-08 00:09:755 INFO  ExtentListener :53 - testscreen1 Test Started..
2020-09-08 00:09:340 INFO  ExtentListener :59 - testscreen1 Test Passed..
2020-09-08 00:09:913 INFO  ExtentListener :53 - testscreen2 Test Started..
2020-09-08 00:09:27 INFO  ExtentListener :59 - testscreen2 Test Passed..
2020-09-08 00:09:402 INFO  ExtentListener :21 - TestScreenShot Test Finished..
2020-09-08 00:09:204 INFO  ExtentListener :29 - Test1 Class Started..
2020-09-08 00:09:428 INFO  TestBase :126 - Initialize Web driver: 2072724423
2020-09-08 00:09:429 INFO  WaitHelper :37 - Implicit Wait has been set to: 120
2020-09-08 00:09:436 INFO  WaitHelper :47 - waiting for page to load: 100
2020-09-08 00:09:469 INFO  TestBase :67 - **************loginStarted***************
2020-09-08 00:09:472 INFO  ExtentListener :53 - login Test Started..
2020-09-08 00:09:472 INFO  AssertionHelper :18 - making script pass....
2020-09-08 00:09:475 INFO  ExtentListener :59 - login Test Passed..
2020-09-08 00:09:798 INFO  ExtentListener :21 - Test1 Test Finished..
2020-09-08 00:09:799 INFO  ExtentListener :29 - Test2 Class Started..
2020-09-08 00:09:209 INFO  TestBase :126 - Initialize Web driver: 332365138
2020-09-08 00:09:209 INFO  WaitHelper :37 - Implicit Wait has been set to: 120
2020-09-08 00:09:213 INFO  WaitHelper :47 - waiting for page to load: 100
2020-09-08 00:09:234 INFO  TestBase :67 - **************login4Started***************
2020-09-08 00:09:235 INFO  ExtentListener :53 - login4 Test Started..
2020-09-08 00:09:239 ERROR ExtentListener :40 - login4 Test Failed..java.lang.AssertionError: expected [true] but found [false]
2020-09-08 00:09:223 INFO  ExtentListener :21 - Test2 Test Finished..
2020-09-08 00:09:224 INFO  ExtentListener :29 - TestScreenShot Class Started..
2020-09-08 00:09:576 INFO  TestBase :126 - Initialize Web driver: 1166230227
2020-09-08 00:09:577 INFO  WaitHelper :37 - Implicit Wait has been set to: 120
2020-09-08 00:09:581 INFO  WaitHelper :47 - waiting for page to load: 100
2020-09-08 00:09:596 INFO  TestBase :67 - **************testscreen1Started***************
2020-09-08 00:09:597 INFO  ExtentListener :53 - testscreen1 Test Started..
2020-09-08 00:09:823 INFO  ExtentListener :59 - testscreen1 Test Passed..
2020-09-08 00:09:175 INFO  TestBase :67 - **************testscreen2Started***************
2020-09-08 00:09:175 INFO  ExtentListener :53 - testscreen2 Test Started..
2020-09-08 00:09:418 INFO  ExtentListener :59 - testscreen2 Test Passed..
2020-09-08 00:09:404 INFO  ExtentListener :21 - TestScreenShot Test Finished..
2020-09-08 00:09:996 INFO  ExtentListener :29 - Test1 Class Started..
2020-09-08 00:09:432 INFO  TestBase :126 - Initialize Web driver: 2072724423
2020-09-08 00:09:433 INFO  WaitHelper :37 - Implicit Wait has been set to: 120
2020-09-08 00:09:439 INFO  WaitHelper :47 - waiting for page to load: 100
2020-09-08 00:09:485 INFO  TestBase :67 - **************loginStarted***************
2020-09-08 00:09:491 INFO  ExtentListener :53 - login Test Started..
2020-09-08 00:09:492 INFO  AssertionHelper :18 - making script pass....
2020-09-08 00:09:497 INFO  ExtentListener :59 - login Test Passed..
2020-09-08 00:09:563 INFO  ExtentListener :21 - Test1 Test Finished..
2020-09-08 00:09:565 INFO  ExtentListener :29 - Test2 Class Started..
2020-09-08 00:09:925 INFO  TestBase :126 - Initialize Web driver: 1198197478
2020-09-08 00:09:925 INFO  WaitHelper :37 - Implicit Wait has been set to: 120
2020-09-08 00:09:928 INFO  WaitHelper :47 - waiting for page to load: 100
2020-09-08 00:09:943 INFO  TestBase :67 - **************login4Started***************
2020-09-08 00:09:944 INFO  ExtentListener :53 - login4 Test Started..
2020-09-08 00:09:947 ERROR ExtentListener :40 - login4 Test Failed..java.lang.AssertionError: expected [true] but found [false]
2020-09-08 00:09:961 INFO  ExtentListener :21 - Test2 Test Finished..
2020-09-08 00:09:961 INFO  ExtentListener :29 - TestScreenShot Class Started..
2020-09-08 00:09:248 INFO  TestBase :126 - Initialize Web driver: 1166230227
2020-09-08 00:09:249 INFO  WaitHelper :37 - Implicit Wait has been set to: 120
2020-09-08 00:09:253 INFO  WaitHelper :47 - waiting for page to load: 100
2020-09-08 00:09:271 INFO  TestBase :67 - **************testscreen1Started***************
2020-09-08 00:09:272 INFO  ExtentListener :53 - testscreen1 Test Started..
2020-09-08 00:09:775 INFO  ExtentListener :59 - testscreen1 Test Passed..
2020-09-08 00:09:834 INFO  TestBase :67 - **************testscreen2Started***************
2020-09-08 00:09:835 INFO  ExtentListener :53 - testscreen2 Test Started..
2020-09-08 00:09:983 INFO  ExtentListener :59 - testscreen2 Test Passed..
2020-09-08 00:09:795 INFO  ExtentListener :21 - TestScreenShot Test Finished..
2020-09-08 01:09:05 INFO  ExtentListener :29 - Test1 Class Started..
2020-09-08 01:09:318 INFO  TestBase :125 - Initialize Web driver: 2072724423
2020-09-08 01:09:319 INFO  WaitHelper :37 - Implicit Wait has been set to: 120
2020-09-08 01:09:325 INFO  WaitHelper :47 - waiting for page to load: 100
2020-09-08 01:09:355 INFO  TestBase :66 - **************loginStarted***************
2020-09-08 01:09:358 INFO  ExtentListener :53 - login Test Started..
2020-09-08 01:09:359 INFO  AssertionHelper :18 - making script pass....
2020-09-08 01:09:361 INFO  ExtentListener :59 - login Test Passed..
2020-09-08 01:09:469 INFO  ExtentListener :21 - Test1 Test Finished..
2020-09-08 01:09:470 INFO  ExtentListener :29 - Test2 Class Started..
2020-09-08 01:09:710 INFO  TestBase :125 - Initialize Web driver: 476579021
2020-09-08 01:09:710 INFO  WaitHelper :37 - Implicit Wait has been set to: 120
2020-09-08 01:09:713 INFO  WaitHelper :47 - waiting for page to load: 100
2020-09-08 01:09:729 INFO  TestBase :66 - **************login4Started***************
2020-09-08 01:09:730 INFO  ExtentListener :53 - login4 Test Started..
2020-09-08 01:09:733 ERROR ExtentListener :40 - login4 Test Failed..java.lang.AssertionError: expected [true] but found [false]
2020-09-08 01:09:731 INFO  ExtentListener :21 - Test2 Test Finished..
2020-09-08 01:09:732 INFO  ExtentListener :29 - TestScreenShot Class Started..
2020-09-08 01:09:83 INFO  TestBase :125 - Initialize Web driver: 1166230227
2020-09-08 01:09:83 INFO  WaitHelper :37 - Implicit Wait has been set to: 120
2020-09-08 01:09:87 INFO  WaitHelper :47 - waiting for page to load: 100
2020-09-08 01:09:104 INFO  TestBase :66 - **************testscreen1Started***************
2020-09-08 01:09:105 INFO  ExtentListener :53 - testscreen1 Test Started..
2020-09-08 01:09:653 INFO  ExtentListener :59 - testscreen1 Test Passed..
2020-09-08 01:09:703 INFO  TestBase :66 - **************testscreen2Started***************
2020-09-08 01:09:749 INFO  ExtentListener :53 - testscreen2 Test Started..
2020-09-08 01:09:706 INFO  ExtentListener :59 - testscreen2 Test Passed..
2020-09-08 01:09:604 INFO  ExtentListener :21 - TestScreenShot Test Finished..
2020-09-08 01:09:750 INFO  ExtentListener :29 - Test1 Class Started..
2020-09-08 01:09:285 INFO  TestBase :126 - Initialize Web driver: 2072724423
2020-09-08 01:09:286 INFO  WaitHelper :37 - Implicit Wait has been set to: 120
2020-09-08 01:09:293 INFO  WaitHelper :47 - waiting for page to load: 100
2020-09-08 01:09:323 INFO  TestBase :66 - **************loginStarted***************
2020-09-08 01:09:328 INFO  ExtentListener :53 - login Test Started..
2020-09-08 01:09:328 INFO  AssertionHelper :18 - making script pass....
2020-09-08 01:09:331 INFO  ExtentListener :59 - login Test Passed..
2020-09-08 01:09:331 INFO  TestBase :84 - **************loginFinished***************
2020-09-08 01:09:972 INFO  ExtentListener :21 - Test1 Test Finished..
2020-09-08 01:09:973 INFO  ExtentListener :29 - Test2 Class Started..
2020-09-08 01:09:317 INFO  TestBase :126 - Initialize Web driver: 476579021
2020-09-08 01:09:317 INFO  WaitHelper :37 - Implicit Wait has been set to: 120
2020-09-08 01:09:321 INFO  WaitHelper :47 - waiting for page to load: 100
2020-09-08 01:09:336 INFO  TestBase :66 - **************login4Started***************
2020-09-08 01:09:337 INFO  ExtentListener :53 - login4 Test Started..
2020-09-08 01:09:342 ERROR ExtentListener :40 - login4 Test Failed..java.lang.AssertionError: expected [true] but found [false]
2020-09-08 01:09:629 INFO  TestBase :84 - **************login4Finished***************
2020-09-08 01:09:324 INFO  ExtentListener :21 - Test2 Test Finished..
2020-09-08 01:09:325 INFO  ExtentListener :29 - TestScreenShot Class Started..
2020-09-08 01:09:602 INFO  TestBase :126 - Initialize Web driver: 1166230227
2020-09-08 01:09:602 INFO  WaitHelper :37 - Implicit Wait has been set to: 120
2020-09-08 01:09:606 INFO  WaitHelper :47 - waiting for page to load: 100
2020-09-08 01:09:624 INFO  TestBase :66 - **************testscreen1Started***************
2020-09-08 01:09:625 INFO  ExtentListener :53 - testscreen1 Test Started..
2020-09-08 01:09:855 INFO  ExtentListener :59 - testscreen1 Test Passed..
2020-09-08 01:09:856 INFO  TestBase :84 - **************testscreen1Finished***************
2020-09-08 01:09:918 INFO  TestBase :66 - **************testscreen2Started***************
2020-09-08 01:09:921 INFO  ExtentListener :53 - testscreen2 Test Started..
2020-09-08 01:09:569 INFO  ExtentListener :59 - testscreen2 Test Passed..
2020-09-08 01:09:570 INFO  TestBase :84 - **************testscreen2Finished***************
2020-09-08 01:09:360 INFO  ExtentListener :21 - TestScreenShot Test Finished..
2020-09-09 23:09:632 INFO  TestBase :126 - Initialize Web driver: 295304806
2020-09-09 23:09:659 INFO  WaitHelper :37 - Implicit Wait has been set to: 120
2020-09-09 23:09:694 INFO  WaitHelper :47 - waiting for page to load: 100
2020-09-09 23:09:792 INFO  TestBase :66 - **************testLoginToApplicationStarted***************
2020-09-09 23:09:53 INFO  TestBase :84 - **************testLoginToApplicationFinished***************
2020-09-09 23:09:737 INFO  TestBase :126 - Initialize Web driver: 156710276
2020-09-09 23:09:740 INFO  WaitHelper :37 - Implicit Wait has been set to: 120
2020-09-09 23:09:747 INFO  WaitHelper :47 - waiting for page to load: 100
2020-09-09 23:09:781 INFO  TestBase :66 - **************testLoginToApplicationStarted***************
2020-09-09 23:09:947 INFO  TestBase :84 - **************testLoginToApplicationFinished***************
2020-09-09 23:09:926 INFO  TestBase :127 - Initialize Web driver: 156710276
2020-09-09 23:09:930 INFO  WaitHelper :37 - Implicit Wait has been set to: 120
2020-09-09 23:09:940 INFO  WaitHelper :47 - waiting for page to load: 100
2020-09-09 23:09:991 INFO  TestBase :67 - **************testLoginToApplicationStarted***************
2020-09-09 23:09:272 INFO  LoginPage :53 - user id entered..
2020-09-09 23:09:630 INFO  TestBase :85 - **************testLoginToApplicationFinished***************
2020-09-10 00:09:362 INFO  TestBase :127 - Initialize Web driver: 1337655323
2020-09-10 00:09:365 INFO  WaitHelper :37 - Implicit Wait has been set to: 120
2020-09-10 00:09:372 INFO  WaitHelper :47 - waiting for page to load: 100
2020-09-10 00:09:409 INFO  TestBase :67 - **************testLoginToApplicationStarted***************
2020-09-10 00:09:400 INFO  LoginPage :53 - user id entered..
2020-09-10 00:09:657 INFO  TestBase :85 - **************testLoginToApplicationFinished***************
2020-09-10 00:09:86 INFO  TestBase :127 - Initialize Web driver: 156710276
2020-09-10 00:09:89 INFO  WaitHelper :37 - Implicit Wait has been set to: 120
2020-09-10 00:09:96 INFO  WaitHelper :47 - waiting for page to load: 100
2020-09-10 00:09:125 INFO  TestBase :67 - **************testLoginToApplicationStarted***************
2020-09-10 00:09:175 INFO  LoginPage :53 - user id entered..
2020-09-10 00:09:322 INFO  LoginPage :59 - password entered..
2020-09-10 00:09:424 INFO  LoginPage :65 - login button clicked..
2020-09-10 00:09:617 INFO  TestBase :85 - **************testLoginToApplicationFinished***************
2020-09-10 00:09:313 INFO  TestBase :127 - Initialize Web driver: 156710276
2020-09-10 00:09:316 INFO  WaitHelper :37 - Implicit Wait has been set to: 120
2020-09-10 00:09:323 INFO  WaitHelper :47 - waiting for page to load: 100
2020-09-10 00:09:370 INFO  TestBase :67 - **************testLoginToApplicationStarted***************
2020-09-10 00:09:550 INFO  LoginPage :53 - user id entered..
2020-09-10 00:09:675 INFO  LoginPage :59 - password entered..
2020-09-10 00:09:816 INFO  LoginPage :65 - login button clicked..
2020-09-10 00:09:997 INFO  TestBase :85 - **************testLoginToApplicationFinished***************
2020-09-10 00:09:389 INFO  TestBase :127 - Initialize Web driver: 156710276
2020-09-10 00:09:392 INFO  WaitHelper :37 - Implicit Wait has been set to: 120
2020-09-10 00:09:399 INFO  WaitHelper :47 - waiting for page to load: 100
2020-09-10 00:09:436 INFO  TestBase :67 - **************testLoginToApplicationStarted***************
2020-09-10 00:09:566 INFO  VerificationHelper :26 - element is displayed Demo Site
2020-09-10 00:09:586 INFO  AssertionHelper :13 - verify text with Demo Site and Demo Site
2020-09-10 00:09:588 INFO  LoginPage :57 - user id entered..
2020-09-10 00:09:698 INFO  LoginPage :63 - password entered..
2020-09-10 00:09:814 INFO  LoginPage :69 - login button clicked..
2020-09-10 00:09:211 INFO  TestBase :85 - **************testLoginToApplicationFinished***************
2020-09-10 00:09:384 INFO  TestBase :127 - Initialize Web driver: 156710276
2020-09-10 00:09:388 INFO  WaitHelper :37 - Implicit Wait has been set to: 120
2020-09-10 00:09:395 INFO  WaitHelper :47 - waiting for page to load: 100
2020-09-10 00:09:437 INFO  TestBase :67 - **************testLoginToApplicationStarted***************
2020-09-10 00:09:498 INFO  VerificationHelper :26 - element is displayed Demo Site
2020-09-10 00:09:519 INFO  AssertionHelper :13 - verify text with Demo Site and Demo Site111
2020-09-10 00:09:815 INFO  TestBase :85 - **************testLoginToApplicationFinished***************
2020-09-10 00:09:590 INFO  TestBase :127 - Initialize Web driver: 156710276
2020-09-10 00:09:592 INFO  WaitHelper :37 - Implicit Wait has been set to: 120
2020-09-10 00:09:599 INFO  WaitHelper :47 - waiting for page to load: 100
2020-09-10 00:09:630 INFO  TestBase :67 - **************testLoginToApplicationStarted***************
2020-09-10 00:09:33 INFO  VerificationHelper :26 - element is displayed Demo Site
2020-09-10 00:09:52 INFO  AssertionHelper :13 - verify text with Demo Site and Demo Site
2020-09-10 00:09:54 INFO  LoginPage :57 - user id entered..
2020-09-10 00:09:159 INFO  LoginPage :63 - password entered..
2020-09-10 00:09:266 INFO  LoginPage :69 - login button clicked..
2020-09-10 00:09:870 INFO  TestBase :85 - **************testLoginToApplicationFinished***************
2020-09-10 22:09:587 INFO  ExtentListener :29 - LoginTest Class Started..
2020-09-10 22:09:495 INFO  TestBase :127 - Initialize Web driver: 2106165633
2020-09-10 22:09:503 INFO  WaitHelper :37 - Implicit Wait has been set to: 120
2020-09-10 22:09:613 INFO  WaitHelper :47 - waiting for page to load: 100
2020-09-10 22:09:704 INFO  TestBase :67 - **************testLoginToApplicationStarted***************
2020-09-10 22:09:709 INFO  ExtentListener :53 - testLoginToApplication Test Started..
2020-09-10 22:09:451 INFO  VerificationHelper :26 - element is displayed Demo Site
2020-09-10 22:09:480 INFO  AssertionHelper :13 - verify text with Demo Site and Demo Site
2020-09-10 22:09:480 INFO  LoginPage :53 - user id entered..
2020-09-10 22:09:686 INFO  LoginPage :59 - password entered..
2020-09-10 22:09:806 INFO  LoginPage :65 - login button clicked..
2020-09-10 22:09:858 INFO  ExtentListener :59 - testLoginToApplication Test Passed..
2020-09-10 22:09:860 INFO  TestBase :85 - **************testLoginToApplicationFinished***************
2020-09-10 22:09:579 INFO  ExtentListener :21 - LoginTest Test Finished..
2020-09-10 22:09:712 INFO  ExcelHelper :50 - number of active rows are: 4----number of active columns in row: 3
2020-09-11 00:09:726 INFO  TestBase :128 - Initialize Web driver: 2103763750
2020-09-11 00:09:731 INFO  WaitHelper :39 - Implicit Wait has been set to: 120
2020-09-11 00:09:739 INFO  WaitHelper :49 - waiting for page to load: 100
2020-09-11 00:09:151 INFO  TestBase :171 - excel location D:\Guru99-CucumberBDD/resources/configFile/TestData.xlsx
2020-09-11 00:09:681 INFO  ExcelHelper :50 - number of active rows are: 1----number of active columns in row: 3
2020-09-11 00:09:689 INFO  TestBase :68 - **************loginTestStarted***************
2020-09-11 00:09:773 INFO  VerificationHelper :26 - element is displayed Demo Site
2020-09-11 00:09:793 INFO  AssertionHelper :13 - verify text with Demo Site and Demo Site
2020-09-11 00:09:795 INFO  LoginPage :55 - user id entered..
2020-09-11 00:09:905 INFO  LoginPage :61 - password entered..
2020-09-11 00:09:999 INFO  LoginPage :67 - login button clicked..
2020-09-11 00:09:499 INFO  JavaScriptHelper :84 - scroll down vertically
2020-09-11 00:09:996 INFO  TestBase :86 - **************loginTestFinished***************
2020-09-11 00:09:323 INFO  TestBase :128 - Initialize Web driver: 1750286943
2020-09-11 00:09:326 INFO  WaitHelper :39 - Implicit Wait has been set to: 120
2020-09-11 00:09:333 INFO  WaitHelper :49 - waiting for page to load: 100
2020-09-11 00:09:433 INFO  TestBase :171 - excel location D:\Guru99-CucumberBDD/resources/configFile/TestData.xlsx
2020-09-11 00:09:966 INFO  ExcelHelper :50 - number of active rows are: 1----number of active columns in row: 3
2020-09-11 00:09:981 INFO  TestBase :68 - **************loginTestStarted***************
2020-09-11 00:09:91 INFO  VerificationHelper :26 - element is displayed Demo Site
2020-09-11 00:09:122 INFO  AssertionHelper :13 - verify text with Demo Site and Demo Site
2020-09-11 00:09:122 INFO  LoginPage :55 - user id entered..
2020-09-11 00:09:267 INFO  LoginPage :61 - password entered..
2020-09-11 00:09:377 INFO  LoginPage :67 - login button clicked..
2020-09-11 00:09:187 INFO  JavaScriptHelper :56 - scroll to element and click: Log out
2020-09-11 00:09:208 INFO  JavaScriptHelper :47 - scroll to element: Log out
2020-09-11 00:09:653 INFO  TestBase :86 - **************loginTestFinished***************
2020-09-11 00:09:544 INFO  TestBase :128 - Initialize Web driver: 1337655323
2020-09-11 00:09:547 INFO  WaitHelper :39 - Implicit Wait has been set to: 120
2020-09-11 00:09:554 INFO  WaitHelper :49 - waiting for page to load: 100
2020-09-11 00:09:691 INFO  TestBase :171 - excel location D:\Guru99-CucumberBDD/resources/configFile/TestData.xlsx
2020-09-11 00:09:284 INFO  ExcelHelper :50 - number of active rows are: 1----number of active columns in row: 3
2020-09-11 00:09:292 INFO  TestBase :68 - **************loginTestStarted***************
2020-09-11 00:09:377 INFO  VerificationHelper :26 - element is displayed Demo Site
2020-09-11 00:09:395 INFO  AssertionHelper :13 - verify text with Demo Site and Demo Site
2020-09-11 00:09:398 INFO  LoginPage :55 - user id entered..
2020-09-11 00:09:504 INFO  LoginPage :61 - password entered..
2020-09-11 00:09:625 INFO  LoginPage :67 - login button clicked..
2020-09-11 00:09:479 INFO  JavaScriptHelper :56 - scroll to element and click: Log out
2020-09-11 00:09:515 INFO  JavaScriptHelper :47 - scroll to element: Log out
2020-09-11 00:09:895 INFO  TestBase :86 - **************loginTestFinished***************
2020-09-11 00:09:486 INFO  TestBase :128 - Initialize Web driver: 1750286943
2020-09-11 00:09:489 INFO  WaitHelper :39 - Implicit Wait has been set to: 120
2020-09-11 00:09:496 INFO  WaitHelper :49 - waiting for page to load: 100
2020-09-11 00:09:742 INFO  TestBase :171 - excel location D:\Guru99-CucumberBDD/resources/configFile/TestData.xlsx
2020-09-11 00:09:326 INFO  ExcelHelper :50 - number of active rows are: 1----number of active columns in row: 3
2020-09-11 00:09:333 INFO  TestBase :68 - **************loginTestStarted***************
2020-09-11 00:09:429 INFO  VerificationHelper :26 - element is displayed Demo Site
2020-09-11 00:09:451 INFO  AssertionHelper :13 - verify text with Demo Site and Demo Site
2020-09-11 00:09:453 INFO  LoginPage :55 - user id entered..
2020-09-11 00:09:576 INFO  LoginPage :61 - password entered..
2020-09-11 00:09:667 INFO  LoginPage :67 - login button clicked..
2020-09-11 00:09:526 INFO  JavaScriptHelper :75 - scroll to element and click element: Log out
2020-09-11 00:09:545 INFO  JavaScriptHelper :66 - scroll to element: Log out
2020-09-11 00:09:941 INFO  TestBase :86 - **************loginTestFinished***************
2020-09-11 00:09:223 INFO  TestBase :128 - Initialize Web driver: 1750286943
2020-09-11 00:09:226 INFO  WaitHelper :39 - Implicit Wait has been set to: 120
2020-09-11 00:09:232 INFO  WaitHelper :49 - waiting for page to load: 100
2020-09-11 00:09:613 INFO  TestBase :171 - excel location D:\Guru99-CucumberBDD/resources/configFile/TestData.xlsx
2020-09-11 00:09:207 INFO  ExcelHelper :50 - number of active rows are: 1----number of active columns in row: 3
2020-09-11 00:09:215 INFO  TestBase :68 - **************loginTestStarted***************
2020-09-11 00:09:314 INFO  VerificationHelper :26 - element is displayed Demo Site
2020-09-11 00:09:345 INFO  AssertionHelper :13 - verify text with Demo Site and Demo Site
2020-09-11 00:09:345 INFO  LoginPage :55 - user id entered..
2020-09-11 00:09:468 INFO  LoginPage :61 - password entered..
2020-09-11 00:09:587 INFO  LoginPage :67 - login button clicked..
2020-09-11 00:09:425 INFO  JavaScriptHelper :75 - scroll to element and click element: Log out
2020-09-11 00:09:445 INFO  JavaScriptHelper :66 - scroll to element: Log out
2020-09-11 00:09:258 INFO  LoginPage :99 - clicked on logout link
2020-09-11 00:09:950 INFO  TestBase :86 - **************loginTestFinished***************
2020-09-11 00:09:713 INFO  TestBase :128 - Initialize Web driver: 1750286943
2020-09-11 00:09:716 INFO  WaitHelper :39 - Implicit Wait has been set to: 120
2020-09-11 00:09:722 INFO  WaitHelper :49 - waiting for page to load: 100
2020-09-11 00:09:727 INFO  TestBase :171 - excel location D:\Guru99-CucumberBDD/resources/configFile/TestData.xlsx
2020-09-11 00:09:243 INFO  ExcelHelper :50 - number of active rows are: 1----number of active columns in row: 3
2020-09-11 00:09:251 INFO  TestBase :68 - **************loginTestStarted***************
2020-09-11 00:09:334 INFO  VerificationHelper :26 - element is displayed Demo Site
2020-09-11 00:09:353 INFO  AssertionHelper :13 - verify text with Demo Site and Demo Site
2020-09-11 00:09:354 INFO  LoginPage :57 - user id entered..
2020-09-11 00:09:468 INFO  LoginPage :63 - password entered..
2020-09-11 00:09:554 INFO  LoginPage :69 - login button clicked..
2020-09-11 00:09:414 INFO  JavaScriptHelper :75 - scroll to element and click element: Log out
2020-09-11 00:09:433 INFO  JavaScriptHelper :66 - scroll to element: Log out
2020-09-11 00:09:597 INFO  LoginPage :98 - clicked on logout link
2020-09-11 00:09:108 INFO  TestBase :128 - Initialize Web driver: 1750286943
2020-09-11 00:09:111 INFO  WaitHelper :39 - Implicit Wait has been set to: 120
2020-09-11 00:09:118 INFO  WaitHelper :49 - waiting for page to load: 100
2020-09-11 00:09:13 INFO  TestBase :171 - excel location D:\Guru99-CucumberBDD/resources/configFile/TestData.xlsx
2020-09-11 00:09:602 INFO  ExcelHelper :50 - number of active rows are: 1----number of active columns in row: 3
2020-09-11 00:09:611 INFO  TestBase :68 - **************loginTestStarted***************
2020-09-11 00:09:710 INFO  VerificationHelper :26 - element is displayed Demo Site
2020-09-11 00:09:729 INFO  AssertionHelper :13 - verify text with Demo Site and Demo Site
2020-09-11 00:09:731 INFO  LoginPage :57 - user id entered..
2020-09-11 00:09:821 INFO  LoginPage :63 - password entered..
2020-09-11 00:09:942 INFO  LoginPage :69 - login button clicked..
2020-09-11 00:09:644 INFO  JavaScriptHelper :75 - scroll to element and click element: Log out
2020-09-11 00:09:667 INFO  JavaScriptHelper :66 - scroll to element: Log out
2020-09-11 00:09:457 INFO  LoginPage :98 - clicked on logout link
2020-09-11 00:09:224 INFO  TestBase :128 - Initialize Web driver: 1750286943
2020-09-11 00:09:227 INFO  WaitHelper :39 - Implicit Wait has been set to: 120
2020-09-11 00:09:234 INFO  WaitHelper :49 - waiting for page to load: 100
2020-09-11 00:09:474 INFO  TestBase :171 - excel location D:\Guru99-CucumberBDD/resources/configFile/TestData.xlsx
2020-09-11 00:09:33 INFO  ExcelHelper :50 - number of active rows are: 1----number of active columns in row: 3
2020-09-11 00:09:40 INFO  TestBase :68 - **************loginTestStarted***************
2020-09-11 00:09:127 INFO  VerificationHelper :26 - element is displayed Demo Site
2020-09-11 00:09:132 INFO  AssertionHelper :13 - verify text with Demo Site and Demo Site
2020-09-11 00:09:132 INFO  LoginPage :57 - user id entered..
2020-09-11 00:09:254 INFO  LoginPage :63 - password entered..
2020-09-11 00:09:347 INFO  LoginPage :69 - login button clicked..
2020-09-11 00:09:115 INFO  JavaScriptHelper :75 - scroll to element and click element: Log out
2020-09-11 00:09:137 INFO  JavaScriptHelper :66 - scroll to element: Log out
2020-09-11 00:09:933 INFO  LoginPage :98 - clicked on logout link
2020-09-11 00:09:828 INFO  TestBase :128 - Initialize Web driver: 1750286943
2020-09-11 00:09:831 INFO  WaitHelper :39 - Implicit Wait has been set to: 120
2020-09-11 00:09:838 INFO  WaitHelper :49 - waiting for page to load: 100
2020-09-11 00:09:848 INFO  TestBase :171 - excel location D:\Guru99-CucumberBDD/resources/configFile/TestData.xlsx
2020-09-11 00:09:555 INFO  ExcelHelper :50 - number of active rows are: 1----number of active columns in row: 3
2020-09-11 00:09:569 INFO  TestBase :68 - **************loginTestStarted***************
2020-09-11 00:09:668 INFO  VerificationHelper :26 - element is displayed Demo Site
2020-09-11 00:09:690 INFO  AssertionHelper :13 - verify text with Demo Site and Demo Site
2020-09-11 00:09:692 INFO  LoginPage :57 - user id entered..
2020-09-11 00:09:831 INFO  LoginPage :63 - password entered..
2020-09-11 00:09:955 INFO  LoginPage :69 - login button clicked..
2020-09-11 00:09:715 INFO  TestBase :86 - **************loginTestFinished***************
2020-09-11 01:09:223 INFO  TestBase :128 - Initialize Web driver: 1750286943
2020-09-11 01:09:226 INFO  WaitHelper :39 - Implicit Wait has been set to: 120
2020-09-11 01:09:233 INFO  WaitHelper :49 - waiting for page to load: 100
2020-09-11 01:09:691 INFO  TestBase :171 - excel location D:\Guru99-CucumberBDD/resources/configFile/TestData.xlsx
2020-09-11 01:09:299 INFO  ExcelHelper :50 - number of active rows are: 1----number of active columns in row: 3
2020-09-11 01:09:308 INFO  TestBase :68 - **************loginTestStarted***************
2020-09-11 01:09:403 INFO  VerificationHelper :26 - element is displayed Demo Site
2020-09-11 01:09:424 INFO  AssertionHelper :13 - verify text with Demo Site and Demo Site
2020-09-11 01:09:426 INFO  LoginPage :59 - user id entered..
2020-09-11 01:09:551 INFO  LoginPage :65 - password entered..
2020-09-11 01:09:657 INFO  LoginPage :71 - login button clicked..
2020-09-11 01:09:408 INFO  TestBase :86 - **************loginTestFinished***************
2020-09-11 01:09:242 INFO  TestBase :128 - Initialize Web driver: 1750286943
2020-09-11 01:09:245 INFO  WaitHelper :39 - Implicit Wait has been set to: 120
2020-09-11 01:09:252 INFO  WaitHelper :49 - waiting for page to load: 100
2020-09-11 01:09:239 INFO  TestBase :171 - excel location D:\Guru99-CucumberBDD/resources/configFile/TestData.xlsx
2020-09-11 01:09:825 INFO  ExcelHelper :50 - number of active rows are: 1----number of active columns in row: 3
2020-09-11 01:09:832 INFO  TestBase :68 - **************loginTestStarted***************
2020-09-11 01:09:938 INFO  VerificationHelper :26 - element is displayed Demo Site
2020-09-11 01:09:957 INFO  AssertionHelper :13 - verify text with Demo Site and Demo Site
2020-09-11 01:09:960 INFO  LoginPage :59 - user id entered..
2020-09-11 01:09:62 INFO  LoginPage :65 - password entered..
2020-09-11 01:09:190 INFO  LoginPage :71 - login button clicked..
2020-09-11 01:09:700 INFO  TestBase :86 - **************loginTestFinished***************
2020-09-11 01:09:676 INFO  TestBase :128 - Initialize Web driver: 1750286943
2020-09-11 01:09:679 INFO  WaitHelper :39 - Implicit Wait has been set to: 120
2020-09-11 01:09:685 INFO  WaitHelper :49 - waiting for page to load: 100
2020-09-11 01:09:846 INFO  TestBase :171 - excel location D:\Guru99-CucumberBDD/resources/configFile/TestData.xlsx
2020-09-11 01:09:423 INFO  ExcelHelper :50 - number of active rows are: 1----number of active columns in row: 3
2020-09-11 01:09:439 INFO  TestBase :68 - **************loginTestStarted***************
2020-09-11 01:09:548 INFO  VerificationHelper :26 - element is displayed Demo Site
2020-09-11 01:09:579 INFO  AssertionHelper :13 - verify text with Demo Site and Demo Site
2020-09-11 01:09:579 INFO  LoginPage :59 - user id entered..
2020-09-11 01:09:699 INFO  LoginPage :65 - password entered..
2020-09-11 01:09:828 INFO  LoginPage :71 - login button clicked..
2020-09-11 01:09:658 INFO  JavaScriptHelper :75 - scroll to element and click element: Log out
2020-09-11 01:09:679 INFO  JavaScriptHelper :66 - scroll to element: Log out
2020-09-11 01:09:502 INFO  LoginPage :100 - clicked on logout link
2020-09-11 01:09:93 INFO  TestBase :128 - Initialize Web driver: 1134013833
2020-09-11 01:09:96 INFO  WaitHelper :39 - Implicit Wait has been set to: 120
2020-09-11 01:09:103 INFO  WaitHelper :49 - waiting for page to load: 100
2020-09-11 01:09:138 INFO  TestBase :68 - **************testLoginToApplicationStarted***************
2020-09-11 01:09:397 INFO  VerificationHelper :26 - element is displayed Demo Site
2020-09-11 01:09:416 INFO  AssertionHelper :13 - verify text with Demo Site and Demo Site
2020-09-11 01:09:419 INFO  LoginPage :59 - user id entered..
2020-09-11 01:09:533 INFO  LoginPage :65 - password entered..
2020-09-11 01:09:629 INFO  LoginPage :71 - login button clicked..
2020-09-11 01:09:387 INFO  TestBase :86 - **************testLoginToApplicationFinished***************
2020-09-11 01:09:795 INFO  TestBase :68 - **************loginStarted***************
2020-09-11 01:09:795 INFO  AssertionHelper :18 - making script pass....
2020-09-11 01:09:799 INFO  TestBase :86 - **************loginFinished***************
2020-09-11 01:09:940 INFO  TestBase :68 - **************login4Started***************
2020-09-11 01:09:948 INFO  TestBase :138 - driver is null..
2020-09-11 01:09:949 INFO  TestBase :86 - **************login4Finished***************
2020-09-11 01:09:04 INFO  TestBase :68 - **************testscreen1Started***************
2020-09-11 01:09:07 INFO  TestBase :138 - driver is null..
2020-09-11 01:09:07 INFO  TestBase :86 - **************testscreen1Finished***************
2020-09-11 01:09:61 INFO  TestBase :68 - **************testscreen2Started***************
2020-09-11 01:09:65 INFO  TestBase :138 - driver is null..
2020-09-11 01:09:66 INFO  TestBase :86 - **************testscreen2Finished***************
2020-09-11 01:09:939 INFO  TestBase :128 - Initialize Web driver: 1134013833
2020-09-11 01:09:942 INFO  WaitHelper :39 - Implicit Wait has been set to: 120
2020-09-11 01:09:951 INFO  WaitHelper :49 - waiting for page to load: 100
2020-09-11 01:09:986 INFO  TestBase :68 - **************testLoginToApplicationStarted***************
2020-09-11 01:09:225 INFO  VerificationHelper :26 - element is displayed Demo Site
2020-09-11 01:09:247 INFO  AssertionHelper :13 - verify text with Demo Site and Demo Site
2020-09-11 01:09:249 INFO  LoginPage :59 - user id entered..
2020-09-11 01:09:359 INFO  LoginPage :65 - password entered..
2020-09-11 01:09:454 INFO  LoginPage :71 - login button clicked..
2020-09-11 01:09:901 INFO  TestBase :86 - **************testLoginToApplicationFinished***************
2020-09-11 01:09:213 INFO  TestBase :68 - **************loginStarted***************
2020-09-11 01:09:214 INFO  AssertionHelper :18 - making script pass....
2020-09-11 01:09:217 INFO  TestBase :86 - **************loginFinished***************
2020-09-11 01:09:385 INFO  TestBase :68 - **************login4Started***************
2020-09-11 01:09:391 INFO  TestBase :138 - driver is null..
2020-09-11 01:09:393 INFO  TestBase :86 - **************login4Finished***************
2020-09-11 01:09:457 INFO  TestBase :68 - **************testscreen1Started***************
2020-09-11 01:09:459 INFO  TestBase :138 - driver is null..
2020-09-11 01:09:459 INFO  TestBase :86 - **************testscreen1Finished***************
2020-09-11 01:09:507 INFO  TestBase :68 - **************testscreen2Started***************
2020-09-11 01:09:509 INFO  TestBase :138 - driver is null..
2020-09-11 01:09:509 INFO  TestBase :86 - **************testscreen2Finished***************
2020-09-11 02:09:43 INFO  TestBase :128 - Initialize Web driver: 1989132530
2020-09-11 02:09:48 INFO  WaitHelper :39 - Implicit Wait has been set to: 120
2020-09-11 02:09:58 INFO  WaitHelper :49 - waiting for page to load: 100
2020-09-11 02:09:239 INFO  TestBase :171 - excel location D:\Guru99-CucumberBDD/resources/configFile/TestData.xlsxTestData.xlsx
2020-09-11 02:09:274 INFO  TestBase :68 - **************loginStarted***************
2020-09-11 02:09:276 INFO  AssertionHelper :18 - making script pass....
2020-09-11 02:09:281 INFO  TestBase :86 - **************loginFinished***************
2020-09-11 02:09:577 INFO  TestBase :68 - **************login4Started***************
2020-09-11 02:09:582 INFO  TestBase :138 - driver is null..
2020-09-11 02:09:585 INFO  TestBase :86 - **************login4Finished***************
2020-09-11 02:09:730 INFO  TestBase :68 - **************testscreen1Started***************
2020-09-11 02:09:732 INFO  TestBase :138 - driver is null..
2020-09-11 02:09:733 INFO  TestBase :86 - **************testscreen1Finished***************
2020-09-11 02:09:771 INFO  TestBase :68 - **************testscreen2Started***************
2020-09-11 02:09:772 INFO  TestBase :138 - driver is null..
2020-09-11 02:09:773 INFO  TestBase :86 - **************testscreen2Finished***************
2020-09-11 11:09:952 INFO  TestBase :128 - Initialize Web driver: 892083096
2020-09-11 11:09:02 INFO  WaitHelper :39 - Implicit Wait has been set to: 120
2020-09-11 11:09:147 INFO  WaitHelper :49 - waiting for page to load: 100
2020-09-11 11:09:925 INFO  TestBase :171 - excel location D:\Guru99-CucumberBDD/resources/configFile/TestData.xlsxTestData.xlsx
2020-09-11 11:09:959 INFO  TestBase :128 - Initialize Web driver: 1750286943
2020-09-11 11:09:961 INFO  WaitHelper :39 - Implicit Wait has been set to: 120
2020-09-11 11:09:969 INFO  WaitHelper :49 - waiting for page to load: 100
2020-09-11 11:09:669 INFO  TestBase :171 - excel location D:\Guru99-CucumberBDD/resources/configFile/TestData.xlsx
2020-09-11 11:09:307 INFO  ExcelHelper :50 - number of active rows are: 1----number of active columns in row: 3
2020-09-11 11:09:322 INFO  TestBase :68 - **************loginTestStarted***************
2020-09-11 11:09:708 INFO  VerificationHelper :26 - element is displayed Demo Site
2020-09-11 11:09:773 INFO  AssertionHelper :13 - verify text with Demo Site and Demo Site
2020-09-11 11:09:827 INFO  LoginPage :59 - user id entered..
2020-09-11 11:09:979 INFO  LoginPage :65 - password entered..
2020-09-11 11:09:92 INFO  LoginPage :71 - login button clicked..
2020-09-11 11:09:627 INFO  TestBase :86 - **************loginTestFinished***************
2020-09-11 11:09:438 INFO  TestBase :128 - Initialize Web driver: 1750286943
2020-09-11 11:09:450 INFO  WaitHelper :39 - Implicit Wait has been set to: 120
2020-09-11 11:09:468 INFO  WaitHelper :49 - waiting for page to load: 100
2020-09-11 11:09:713 INFO  TestBase :171 - excel location D:\Guru99-CucumberBDD/resources/configFile/TestData.xlsx
2020-09-11 11:09:552 INFO  ExcelHelper :50 - number of active rows are: 4----number of active columns in row: 4
2020-09-11 11:09:547 INFO  TestBase :128 - Initialize Web driver: 1750286943
2020-09-11 11:09:560 INFO  WaitHelper :39 - Implicit Wait has been set to: 120
2020-09-11 11:09:578 INFO  WaitHelper :49 - waiting for page to load: 100
2020-09-11 11:09:270 INFO  TestBase :171 - excel location D:\Guru99-CucumberBDD/resources/configFile/TestData.xlsx
2020-09-11 11:09:887 INFO  ExcelHelper :50 - number of active rows are: 4----number of active columns in row: 3
2020-09-11 11:09:907 INFO  TestBase :68 - **************loginTestStarted***************
2020-09-11 11:09:07 INFO  VerificationHelper :26 - element is displayed Demo Site
2020-09-11 11:09:54 INFO  AssertionHelper :13 - verify text with Demo Site and Demo Site
2020-09-11 11:09:54 INFO  LoginPage :59 - user id entered..
2020-09-11 11:09:181 INFO  LoginPage :65 - password entered..
2020-09-11 11:09:341 INFO  LoginPage :71 - login button clicked..
2020-09-11 11:09:98 INFO  TestBase :86 - **************loginTestFinished***************
2020-09-11 11:09:400 INFO  TestBase :68 - **************loginTestStarted***************
2020-09-11 11:09:417 INFO  TestBase :86 - **************loginTestFinished***************
2020-09-11 11:09:520 INFO  TestBase :68 - **************loginTestStarted***************
2020-09-11 11:09:525 INFO  TestBase :86 - **************loginTestFinished***************
2020-09-11 11:09:598 INFO  TestBase :68 - **************loginTestStarted***************
2020-09-11 11:09:601 INFO  TestBase :86 - **************loginTestFinished***************
2020-09-11 11:09:737 INFO  TestBase :128 - Initialize Web driver: 892083096
2020-09-11 11:09:749 INFO  WaitHelper :39 - Implicit Wait has been set to: 120
2020-09-11 11:09:767 INFO  WaitHelper :49 - waiting for page to load: 100
2020-09-11 11:09:364 INFO  TestBase :171 - excel location D:\Guru99-CucumberBDD/resources/configFile/TestData.xlsx
2020-09-11 11:09:08 INFO  ExcelHelper :50 - number of active rows are: 4----number of active columns in row: 3
2020-09-11 11:09:08 INFO  TestBase :68 - **************loginTestStarted***************
2020-09-11 11:09:139 INFO  VerificationHelper :26 - element is displayed Demo Site
2020-09-11 11:09:193 INFO  AssertionHelper :13 - verify text with Demo Site and Demo Site
2020-09-11 11:09:193 INFO  LoginPage :59 - user id entered..
2020-09-11 11:09:338 INFO  LoginPage :65 - password entered..
2020-09-11 11:09:493 INFO  LoginPage :71 - login button clicked..
2020-09-11 11:09:604 INFO  TestBase :86 - **************loginTestFinished***************
2020-09-11 11:09:969 INFO  TestBase :68 - **************loginTestStarted***************
2020-09-11 11:09:987 INFO  TestBase :86 - **************loginTestFinished***************
2020-09-11 11:09:94 INFO  TestBase :68 - **************loginTestStarted***************
2020-09-11 11:09:101 INFO  TestBase :86 - **************loginTestFinished***************
2020-09-11 11:09:158 INFO  TestBase :68 - **************loginTestStarted***************
2020-09-11 11:09:161 INFO  TestBase :86 - **************loginTestFinished***************
2020-09-11 11:09:570 INFO  TestBase :128 - Initialize Web driver: 1750286943
2020-09-11 11:09:573 INFO  WaitHelper :39 - Implicit Wait has been set to: 120
2020-09-11 11:09:580 INFO  WaitHelper :49 - waiting for page to load: 100
2020-09-11 11:09:464 INFO  TestBase :171 - excel location D:\Guru99-CucumberBDD/resources/configFile/TestData.xlsx
2020-09-11 11:09:117 INFO  ExcelHelper :50 - number of active rows are: 4----number of active columns in row: 3
2020-09-11 11:09:126 INFO  TestBase :68 - **************loginTestStarted***************
2020-09-11 11:09:219 INFO  VerificationHelper :26 - element is displayed Demo Site
2020-09-11 11:09:238 INFO  AssertionHelper :13 - verify text with Demo Site and Demo Site
2020-09-11 11:09:240 INFO  LoginPage :59 - user id entered..
2020-09-11 11:09:362 INFO  LoginPage :65 - password entered..
2020-09-11 11:09:451 INFO  LoginPage :71 - login button clicked..
2020-09-11 11:09:264 INFO  TestBase :86 - **************loginTestFinished***************
2020-09-11 11:09:564 INFO  TestBase :68 - **************loginTestStarted***************
2020-09-11 11:09:581 INFO  TestBase :86 - **************loginTestFinished***************
2020-09-11 11:09:667 INFO  TestBase :68 - **************loginTestStarted***************
2020-09-11 11:09:670 INFO  TestBase :86 - **************loginTestFinished***************
2020-09-11 11:09:733 INFO  TestBase :68 - **************loginTestStarted***************
2020-09-11 11:09:736 INFO  TestBase :86 - **************loginTestFinished***************
2020-09-11 18:09:996 INFO  TestBase :128 - Initialize Web driver: 1750286943
2020-09-11 18:09:998 INFO  WaitHelper :39 - Implicit Wait has been set to: 120
2020-09-11 18:09:05 INFO  WaitHelper :49 - waiting for page to load: 100
2020-09-11 18:09:395 INFO  TestBase :171 - excel location D:\Guru99-CucumberBDD/resources/configFile/TestData.xlsx
2020-09-11 18:09:906 INFO  ExcelHelper :50 - number of active rows are: 4----number of active columns in row: 3
2020-09-11 18:09:916 INFO  TestBase :68 - **************loginTestStarted***************
2020-09-11 18:09:24 INFO  VerificationHelper :26 - element is displayed Demo Site
2020-09-11 18:09:41 INFO  AssertionHelper :13 - verify text with Demo Site and Demo Site
2020-09-11 18:09:42 INFO  LoginPage :59 - user id entered..
2020-09-11 18:09:141 INFO  LoginPage :65 - password entered..
2020-09-11 18:09:250 INFO  LoginPage :71 - login button clicked..
2020-09-11 18:09:952 INFO  JavaScriptHelper :75 - scroll to element and click element: Log out
2020-09-11 18:09:973 INFO  JavaScriptHelper :66 - scroll to element: Log out
2020-09-11 18:09:754 INFO  LoginPage :100 - clicked on logout link
2020-09-11 18:09:859 INFO  TestBase :128 - Initialize Web driver: 156710276
2020-09-11 18:09:862 INFO  WaitHelper :39 - Implicit Wait has been set to: 120
2020-09-11 18:09:868 INFO  WaitHelper :49 - waiting for page to load: 100
2020-09-11 18:09:897 INFO  TestBase :68 - **************testLoginToApplicationStarted***************
2020-09-11 18:09:813 INFO  VerificationHelper :26 - element is displayed Demo Site
2020-09-11 18:09:833 INFO  AssertionHelper :13 - verify text with Demo Site and Demo Site
2020-09-11 18:09:835 INFO  LoginPage :59 - user id entered..
2020-09-11 18:09:940 INFO  LoginPage :65 - password entered..
2020-09-11 18:09:39 INFO  LoginPage :71 - login button clicked..
2020-09-11 18:09:267 INFO  TestBase :86 - **************testLoginToApplicationFinished***************
2020-09-11 18:09:838 INFO  TestBase :128 - Initialize Web driver: 53940034
2020-09-11 18:09:841 INFO  WaitHelper :39 - Implicit Wait has been set to: 120
2020-09-11 18:09:848 INFO  WaitHelper :49 - waiting for page to load: 100
2020-09-11 18:09:877 INFO  TestBase :68 - **************testLoginToApplicationStarted***************
2020-09-11 18:09:342 INFO  VerificationHelper :26 - element is displayed Demo Site
2020-09-11 18:09:361 INFO  AssertionHelper :13 - verify text with Demo Site and Demo Site
2020-09-11 18:09:362 INFO  LoginPage :59 - user id entered..
2020-09-11 18:09:470 INFO  LoginPage :65 - password entered..
2020-09-11 18:09:562 INFO  LoginPage :71 - login button clicked..
2020-09-11 18:09:596 INFO  JavaScriptHelper :75 - scroll to element and click element: Log out
2020-09-11 18:09:618 INFO  JavaScriptHelper :66 - scroll to element: Log out
2020-09-11 18:09:677 INFO  LoginPage :100 - clicked on logout link
2020-09-11 18:09:601 INFO  TestBase :128 - Initialize Web driver: 1756160273
2020-09-11 18:09:604 INFO  WaitHelper :39 - Implicit Wait has been set to: 120
2020-09-11 18:09:611 INFO  WaitHelper :49 - waiting for page to load: 100
2020-09-11 18:09:643 INFO  TestBase :68 - **************testLoginToApplicationStarted***************
2020-09-11 18:09:577 INFO  VerificationHelper :26 - element is displayed Demo Site
2020-09-11 18:09:595 INFO  AssertionHelper :13 - verify text with Demo Site and Demo Site
2020-09-11 18:09:598 INFO  LoginPage :59 - user id entered..
2020-09-11 18:09:717 INFO  LoginPage :65 - password entered..
2020-09-11 18:09:824 INFO  LoginPage :71 - login button clicked..
2020-09-11 18:09:74 INFO  JavaScriptHelper :75 - scroll to element and click element: Log out
2020-09-11 18:09:473 INFO  JavaScriptHelper :66 - scroll to element: Log out
2020-09-11 18:09:347 INFO  LoginPage :100 - clicked on logout link
2020-09-11 18:09:172 INFO  TestBase :128 - Initialize Web driver: 156710276
2020-09-11 18:09:175 INFO  WaitHelper :39 - Implicit Wait has been set to: 120
2020-09-11 18:09:182 INFO  WaitHelper :49 - waiting for page to load: 100
2020-09-11 18:09:215 INFO  TestBase :68 - **************testLoginToApplicationStarted***************
2020-09-11 18:09:957 INFO  VerificationHelper :26 - element is displayed Demo Site
2020-09-11 18:09:978 INFO  AssertionHelper :13 - verify text with Demo Site and Demo Site
2020-09-11 18:09:980 INFO  LoginPage :59 - user id entered..
2020-09-11 18:09:100 INFO  LoginPage :65 - password entered..
2020-09-11 18:09:198 INFO  LoginPage :71 - login button clicked..
2020-09-11 18:09:277 INFO  JavaScriptHelper :75 - scroll to element and click element: Log out
2020-09-11 18:09:298 INFO  JavaScriptHelper :66 - scroll to element: Log out
2020-09-11 18:09:353 INFO  LoginPage :100 - clicked on logout link
2020-09-11 18:09:168 INFO  TestBase :128 - Initialize Web driver: 156710276
2020-09-11 18:09:171 INFO  WaitHelper :39 - Implicit Wait has been set to: 120
2020-09-11 18:09:179 INFO  WaitHelper :49 - waiting for page to load: 100
2020-09-11 18:09:211 INFO  TestBase :68 - **************testLoginToApplicationStarted***************
2020-09-11 18:09:121 INFO  VerificationHelper :26 - element is displayed Demo Site
2020-09-11 18:09:143 INFO  AssertionHelper :13 - verify text with Demo Site and Demo Site
2020-09-11 18:09:145 INFO  LoginPage :59 - user id entered..
2020-09-11 18:09:368 INFO  LoginPage :65 - password entered..
2020-09-11 18:09:538 INFO  LoginPage :71 - login button clicked..
2020-09-11 18:09:711 INFO  JavaScriptHelper :75 - scroll to element and click element: Log out
2020-09-11 18:09:731 INFO  JavaScriptHelper :66 - scroll to element: Log out
2020-09-11 18:09:551 INFO  LoginPage :100 - clicked on logout link
2020-09-11 18:09:547 INFO  TestBase :130 - Initialize Web driver: 156710276
2020-09-11 18:09:549 INFO  WaitHelper :39 - Implicit Wait has been set to: 120
2020-09-11 18:09:557 INFO  WaitHelper :49 - waiting for page to load: 100
2020-09-11 18:09:587 INFO  TestBase :68 - **************testLoginToApplicationStarted***************
2020-09-11 18:09:775 INFO  VerificationHelper :26 - element is displayed Demo Site
2020-09-11 18:09:793 INFO  AssertionHelper :13 - verify text with Demo Site and Demo Site
2020-09-11 18:09:795 INFO  LoginPage :59 - user id entered..
2020-09-11 18:09:915 INFO  LoginPage :65 - password entered..
2020-09-11 18:09:32 INFO  LoginPage :71 - login button clicked..
2020-09-11 18:09:527 INFO  JavaScriptHelper :75 - scroll to element and click element: Log out
2020-09-11 18:09:560 INFO  JavaScriptHelper :66 - scroll to element: Log out
2020-09-11 18:09:783 INFO  LoginPage :100 - clicked on logout link
2020-09-11 18:09:749 INFO  TestBase :128 - Initialize Web driver: 53940034
2020-09-11 18:09:752 INFO  WaitHelper :39 - Implicit Wait has been set to: 120
2020-09-11 18:09:758 INFO  WaitHelper :49 - waiting for page to load: 100
2020-09-11 18:09:790 INFO  TestBase :68 - **************testLoginToApplicationStarted***************
2020-09-11 18:09:58 INFO  VerificationHelper :26 - element is displayed Demo Site
2020-09-11 18:09:78 INFO  AssertionHelper :13 - verify text with Demo Site and Demo Site
2020-09-11 18:09:80 INFO  LoginPage :59 - user id entered..
2020-09-11 18:09:191 INFO  LoginPage :65 - password entered..
2020-09-11 18:09:290 INFO  LoginPage :71 - login button clicked..
2020-09-11 18:09:742 INFO  JavaScriptHelper :75 - scroll to element and click element: Log out
2020-09-11 18:09:768 INFO  JavaScriptHelper :66 - scroll to element: Log out
2020-09-11 18:09:389 INFO  LoginPage :100 - clicked on logout link
2020-09-11 18:09:529 INFO  TestBase :128 - Initialize Web driver: 156710276
2020-09-11 18:09:532 INFO  WaitHelper :39 - Implicit Wait has been set to: 120
2020-09-11 18:09:542 INFO  WaitHelper :49 - waiting for page to load: 100
2020-09-11 18:09:586 INFO  TestBase :68 - **************testLoginToApplicationStarted***************
2020-09-11 18:09:860 INFO  VerificationHelper :26 - element is displayed Demo Site
2020-09-11 18:09:883 INFO  AssertionHelper :13 - verify text with Demo Site and Demo Site
2020-09-11 18:09:886 INFO  LoginPage :59 - user id entered..
2020-09-11 18:09:14 INFO  LoginPage :65 - password entered..
2020-09-11 18:09:161 INFO  LoginPage :71 - login button clicked..
2020-09-11 18:09:297 INFO  JavaScriptHelper :75 - scroll to element and click element: Log out
2020-09-11 18:09:320 INFO  JavaScriptHelper :66 - scroll to element: Log out
2020-09-11 18:09:447 INFO  LoginPage :100 - clicked on logout link
2020-09-11 22:09:34 INFO  TestBase :128 - Initialize Web driver: 156710276
2020-09-11 22:09:180 INFO  WaitHelper :39 - Implicit Wait has been set to: 120
2020-09-11 22:09:228 INFO  WaitHelper :49 - waiting for page to load: 100
2020-09-11 22:09:267 INFO  TestBase :68 - **************testLoginToApplicationStarted***************
2020-09-11 22:09:687 INFO  VerificationHelper :26 - element is displayed Demo Site
2020-09-11 22:09:707 INFO  AssertionHelper :13 - verify text with Demo Site and Demo Site
2020-09-11 22:09:738 INFO  LoginPage :60 - user id entered..
2020-09-11 22:09:862 INFO  LoginPage :66 - password entered..
2020-09-11 22:09:952 INFO  LoginPage :72 - login button clicked..
2020-09-11 22:09:853 INFO  JavaScriptHelper :75 - scroll to element and click element: Log out
2020-09-11 22:09:871 INFO  JavaScriptHelper :66 - scroll to element: Log out
2020-09-11 22:09:960 INFO  LoginPage :102 - clicked on logout link
2020-09-11 22:09:974 INFO  AlertHelper :25 - switched to alert: org.openqa.selenium.remote.RemoteWebDriver$RemoteAlert@331acdad
2020-09-11 22:09:982 INFO  AlertHelper :34 - accept the alert
2020-09-11 22:09:985 INFO  TestBase :86 - **************testLoginToApplicationFinished***************
2020-09-11 22:09:17 INFO  TestBase :128 - Initialize Web driver: 1750286943
2020-09-11 22:09:19 INFO  WaitHelper :39 - Implicit Wait has been set to: 120
2020-09-11 22:09:27 INFO  WaitHelper :49 - waiting for page to load: 100
2020-09-11 22:09:421 INFO  TestBase :171 - excel location D:\Guru99-CucumberBDD/resources/configFile/TestData.xlsx
2020-09-11 22:09:431 INFO  ExcelHelper :50 - number of active rows are: 4----number of active columns in row: 3
2020-09-11 22:09:440 INFO  TestBase :68 - **************loginTestStarted***************
2020-09-11 22:09:558 INFO  VerificationHelper :26 - element is displayed Demo Site
2020-09-11 22:09:577 INFO  AssertionHelper :13 - verify text with Demo Site and Demo Site
2020-09-11 22:09:579 INFO  LoginPage :61 - user id entered..
2020-09-11 22:09:684 INFO  LoginPage :67 - password entered..
2020-09-11 22:09:776 INFO  LoginPage :73 - login button clicked..
2020-09-11 22:09:10 INFO  JavaScriptHelper :75 - scroll to element and click element: Log out
2020-09-11 22:09:32 INFO  JavaScriptHelper :66 - scroll to element: Log out
2020-09-11 22:09:824 INFO  LoginPage :102 - clicked on logout link
2020-09-11 22:09:829 INFO  AlertHelper :25 - switched to alert: org.openqa.selenium.remote.RemoteWebDriver$RemoteAlert@33352f32
2020-09-11 22:09:836 INFO  AlertHelper :34 - accept the alert
2020-09-11 22:09:868 INFO  WaitHelper :138 - waiting for :[[ChromeDriver: chrome on WINDOWS (035fd70be3efd3da98709df955770b42)] -> xpath: //a[text()='Demo Site']] for :200 seconds
2020-09-11 22:09:958 INFO  WaitHelper :141 - element is visible now
2020-09-11 22:09:960 INFO  TestBase :86 - **************loginTestFinished***************
2020-09-11 22:09:274 INFO  TestBase :68 - **************loginTestStarted***************
2020-09-11 22:09:284 INFO  TestBase :86 - **************loginTestFinished***************
2020-09-11 22:09:364 INFO  TestBase :68 - **************loginTestStarted***************
2020-09-11 22:09:378 INFO  TestBase :86 - **************loginTestFinished***************
2020-09-11 22:09:429 INFO  TestBase :68 - **************loginTestStarted***************
2020-09-11 22:09:431 INFO  TestBase :86 - **************loginTestFinished***************
2020-09-11 23:09:387 INFO  TestBase :128 - Initialize Web driver: 1750286943
2020-09-11 23:09:390 INFO  WaitHelper :39 - Implicit Wait has been set to: 120
2020-09-11 23:09:396 INFO  WaitHelper :49 - waiting for page to load: 100
2020-09-11 23:09:477 INFO  TestBase :171 - excel location D:\Guru99-CucumberBDD/resources/configFile/TestData.xlsx
2020-09-11 23:09:11 INFO  ExcelHelper :50 - number of active rows are: 4----number of active columns in row: 3
2020-09-11 23:09:20 INFO  TestBase :68 - **************loginTestStarted***************
2020-09-11 23:09:101 INFO  VerificationHelper :26 - element is displayed Demo Site
2020-09-11 23:09:120 INFO  AssertionHelper :13 - verify text with Demo Site and Demo Site
2020-09-11 23:09:121 INFO  LoginPage :61 - user id entered..
2020-09-11 23:09:220 INFO  LoginPage :67 - password entered..
2020-09-11 23:09:325 INFO  LoginPage :73 - login button clicked..
2020-09-11 23:09:544 INFO  JavaScriptHelper :75 - scroll to element and click element: Log out
2020-09-11 23:09:564 INFO  JavaScriptHelper :66 - scroll to element: Log out
2020-09-11 23:09:115 INFO  LoginPage :102 - clicked on logout link
2020-09-11 23:09:119 INFO  AlertHelper :25 - switched to alert: org.openqa.selenium.remote.RemoteWebDriver$RemoteAlert@33352f32
2020-09-11 23:09:125 INFO  AlertHelper :34 - accept the alert
2020-09-11 23:09:621 INFO  WaitHelper :138 - waiting for :[[ChromeDriver: chrome on WINDOWS (9003faf0dba3aa1f023a88b4eec953b3)] -> xpath: //a[text()='Demo Site']] for :200 seconds
2020-09-11 23:09:669 INFO  WaitHelper :141 - element is visible now
2020-09-11 23:09:670 INFO  TestBase :86 - **************loginTestFinished***************
2020-09-11 23:09:965 INFO  TestBase :68 - **************loginTestStarted***************
2020-09-11 23:09:27 INFO  VerificationHelper :26 - element is displayed Demo Site
2020-09-11 23:09:45 INFO  AssertionHelper :13 - verify text with Demo Site and Demo Site
2020-09-11 23:09:45 INFO  LoginPage :61 - user id entered..
2020-09-11 23:09:119 INFO  LoginPage :67 - password entered..
2020-09-11 23:09:196 INFO  LoginPage :73 - login button clicked..
2020-09-11 23:09:650 INFO  TestBase :86 - **************loginTestFinished***************
2020-09-11 23:09:712 INFO  TestBase :68 - **************loginTestStarted***************
2020-09-11 23:09:765 INFO  VerificationHelper :26 - element is displayed Demo Site
2020-09-11 23:09:782 INFO  AssertionHelper :13 - verify text with Demo Site and Demo Site
2020-09-11 23:09:783 INFO  LoginPage :61 - user id entered..
2020-09-11 23:09:867 INFO  LoginPage :67 - password entered..
2020-09-11 23:09:943 INFO  LoginPage :73 - login button clicked..
2020-09-11 23:09:837 INFO  TestBase :86 - **************loginTestFinished***************
2020-09-11 23:09:879 INFO  TestBase :68 - **************loginTestStarted***************
2020-09-11 23:09:933 INFO  VerificationHelper :26 - element is displayed Demo Site
2020-09-11 23:09:953 INFO  AssertionHelper :13 - verify text with Demo Site and Demo Site
2020-09-11 23:09:953 INFO  LoginPage :61 - user id entered..
2020-09-11 23:09:19 INFO  LoginPage :67 - password entered..
2020-09-11 23:09:94 INFO  LoginPage :73 - login button clicked..
2020-09-11 23:09:983 INFO  TestBase :86 - **************loginTestFinished***************
2020-09-11 23:09:479 INFO  TestBase :128 - Initialize Web driver: 1750286943
2020-09-11 23:09:482 INFO  WaitHelper :39 - Implicit Wait has been set to: 120
2020-09-11 23:09:490 INFO  WaitHelper :49 - waiting for page to load: 100
2020-09-11 23:09:468 INFO  TestBase :171 - excel location D:\Guru99-CucumberBDD/resources/configFile/TestData.xlsx
2020-09-11 23:09:46 INFO  ExcelHelper :50 - number of active rows are: 4----number of active columns in row: 3
2020-09-11 23:09:57 INFO  TestBase :68 - **************loginTestStarted***************
2020-09-11 23:09:137 INFO  VerificationHelper :26 - element is displayed Demo Site
2020-09-11 23:09:157 INFO  AssertionHelper :13 - verify text with Demo Site and Demo Site
2020-09-11 23:09:158 INFO  LoginPage :61 - user id entered..
2020-09-11 23:09:262 INFO  LoginPage :67 - password entered..
2020-09-11 23:09:354 INFO  LoginPage :73 - login button clicked..
2020-09-11 23:09:863 INFO  JavaScriptHelper :75 - scroll to element and click element: Log out
2020-09-11 23:09:882 INFO  JavaScriptHelper :66 - scroll to element: Log out
2020-09-11 23:09:742 INFO  LoginPage :102 - clicked on logout link
2020-09-11 23:09:746 INFO  AlertHelper :63 - alert is present
2020-09-11 23:09:748 INFO  AlertHelper :25 - switched to alert: org.openqa.selenium.remote.RemoteWebDriver$RemoteAlert@33352f32
2020-09-11 23:09:756 INFO  AlertHelper :25 - switched to alert: org.openqa.selenium.remote.RemoteWebDriver$RemoteAlert@35fe2125
2020-09-11 23:09:762 INFO  AlertHelper :34 - accept the alert
2020-09-11 23:09:749 INFO  WaitHelper :138 - waiting for :[[ChromeDriver: chrome on WINDOWS (4a378d3daeea1b5540b5f10678b50824)] -> xpath: //a[text()='Demo Site']] for :200 seconds
2020-09-11 23:09:806 INFO  WaitHelper :141 - element is visible now
2020-09-11 23:09:808 INFO  TestBase :86 - **************loginTestFinished***************
2020-09-11 23:09:89 INFO  TestBase :68 - **************loginTestStarted***************
2020-09-11 23:09:105 INFO  TestBase :86 - **************loginTestFinished***************
2020-09-11 23:09:189 INFO  TestBase :68 - **************loginTestStarted***************
2020-09-11 23:09:197 INFO  TestBase :86 - **************loginTestFinished***************
2020-09-11 23:09:250 INFO  TestBase :68 - **************loginTestStarted***************
2020-09-11 23:09:254 INFO  TestBase :86 - **************loginTestFinished***************
2020-09-12 00:09:113 INFO  TestBase :128 - Initialize Web driver: 2103763750
2020-09-12 00:09:116 INFO  WaitHelper :39 - Implicit Wait has been set to: 120
2020-09-12 00:09:126 INFO  WaitHelper :49 - waiting for page to load: 100
2020-09-12 00:09:424 INFO  TestBase :171 - excel location D:\Guru99-CucumberBDD/resources/configFile/TestData.xlsx
2020-09-12 00:09:998 INFO  ExcelHelper :50 - number of active rows are: 1----number of active columns in row: 3
2020-09-12 00:09:09 INFO  TestBase :68 - **************loginTestWithValidCredentialsStarted***************
2020-09-12 00:09:151 INFO  VerificationHelper :26 - element is displayed Demo Site
2020-09-12 00:09:171 INFO  AssertionHelper :13 - verify text with Demo Site and Demo Site
2020-09-12 00:09:173 INFO  LoginPage :65 - user id entered..
2020-09-12 00:09:292 INFO  LoginPage :71 - password entered..
2020-09-12 00:09:447 INFO  LoginPage :77 - login button clicked..
2020-09-12 00:09:305 INFO  AlertHelper :68 - alert not present: null
2020-09-12 00:09:387 INFO  VerificationHelper :26 - element is displayed Guru99 Bank
2020-09-12 00:09:409 INFO  AssertionHelper :13 - verify text with Guru99 Bank and 'Guru99 Bank
2020-09-12 00:09:814 INFO  TestBase :86 - **************loginTestWithValidCredentialsFinished***************
2020-09-12 00:09:99 INFO  TestBase :128 - Initialize Web driver: 1750286943
2020-09-12 00:09:102 INFO  WaitHelper :39 - Implicit Wait has been set to: 120
2020-09-12 00:09:110 INFO  WaitHelper :49 - waiting for page to load: 100
2020-09-12 00:09:219 INFO  TestBase :171 - excel location D:\Guru99-CucumberBDD/resources/configFile/TestData.xlsx
2020-09-12 00:09:782 INFO  ExcelHelper :50 - number of active rows are: 1----number of active columns in row: 3
2020-09-12 00:09:791 INFO  TestBase :68 - **************loginTestWithValidCredentialsStarted***************
2020-09-12 00:09:880 INFO  VerificationHelper :26 - element is displayed Demo Site
2020-09-12 00:09:898 INFO  AssertionHelper :13 - verify text with Demo Site and Demo Site
2020-09-12 00:09:900 INFO  LoginPage :65 - user id entered..
2020-09-12 00:09:14 INFO  LoginPage :71 - password entered..
2020-09-12 00:09:113 INFO  LoginPage :77 - login button clicked..
2020-09-12 00:09:09 INFO  AlertHelper :68 - alert not present: null
2020-09-12 00:09:78 INFO  VerificationHelper :26 - element is displayed Guru99 Bank
2020-09-12 00:09:97 INFO  AssertionHelper :13 - verify text with Guru99 Bank and Guru99 Bank
2020-09-12 00:09:128 INFO  JavaScriptHelper :75 - scroll to element and click element: Log out
2020-09-12 00:09:148 INFO  JavaScriptHelper :66 - scroll to element: Log out
2020-09-12 00:09:970 INFO  LoginPage :124 - clicked on logout link
2020-09-12 00:09:974 INFO  AlertHelper :63 - alert is present
2020-09-12 00:09:977 INFO  AlertHelper :25 - switched to alert: org.openqa.selenium.remote.RemoteWebDriver$RemoteAlert@549621f3
2020-09-12 00:09:983 INFO  AlertHelper :25 - switched to alert: org.openqa.selenium.remote.RemoteWebDriver$RemoteAlert@54361a9
2020-09-12 00:09:987 INFO  AlertHelper :52 - alert text is: You Have Succesfully Logged Out!!
2020-09-12 00:09:991 INFO  AlertHelper :25 - switched to alert: org.openqa.selenium.remote.RemoteWebDriver$RemoteAlert@32232e55
2020-09-12 00:09:00 INFO  AlertHelper :34 - accept the alert
2020-09-12 00:09:819 INFO  WaitHelper :138 - waiting for :[[ChromeDriver: chrome on WINDOWS (4b55d3db8725a68c89abdcd44ce3df4e)] -> xpath: //a[text()='Demo Site']] for :200 seconds
2020-09-12 00:09:874 INFO  WaitHelper :141 - element is visible now
2020-09-12 00:09:875 INFO  TestBase :86 - **************loginTestWithValidCredentialsFinished***************
2020-09-12 00:09:553 INFO  TestBase :128 - Initialize Web driver: 1750286943
2020-09-12 00:09:556 INFO  WaitHelper :39 - Implicit Wait has been set to: 120
2020-09-12 00:09:564 INFO  WaitHelper :49 - waiting for page to load: 100
2020-09-12 00:09:782 INFO  TestBase :171 - excel location D:\Guru99-CucumberBDD/resources/configFile/TestData.xlsx
2020-09-12 00:09:351 INFO  ExcelHelper :50 - number of active rows are: 1----number of active columns in row: 3
2020-09-12 00:09:358 INFO  TestBase :68 - **************loginTestWithValidCredentialsStarted***************
2020-09-12 00:09:454 INFO  VerificationHelper :26 - element is displayed Demo Site
2020-09-12 00:09:476 INFO  AssertionHelper :13 - verify text with Demo Site and Demo Site
2020-09-12 00:09:478 INFO  LoginPage :65 - user id entered..
2020-09-12 00:09:589 INFO  LoginPage :71 - password entered..
2020-09-12 00:09:683 INFO  LoginPage :77 - login button clicked..
2020-09-12 00:09:10 INFO  AlertHelper :68 - alert not present: null
2020-09-12 00:09:85 INFO  VerificationHelper :26 - element is displayed Guru99 Bank
2020-09-12 00:09:102 INFO  AssertionHelper :13 - verify text with Guru99 Bank and Guru99 Bank
2020-09-12 00:09:132 INFO  JavaScriptHelper :75 - scroll to element and click element: Log out
2020-09-12 00:09:149 INFO  JavaScriptHelper :66 - scroll to element: Log out
2020-09-12 00:09:274 INFO  LoginPage :123 - clicked on logout link
2020-09-12 00:09:278 INFO  AlertHelper :63 - alert is present
2020-09-12 00:09:281 INFO  AlertHelper :25 - switched to alert: org.openqa.selenium.remote.RemoteWebDriver$RemoteAlert@549621f3
2020-09-12 00:09:284 INFO  AlertHelper :25 - switched to alert: org.openqa.selenium.remote.RemoteWebDriver$RemoteAlert@54361a9
2020-09-12 00:09:289 INFO  AlertHelper :52 - alert text is: You Have Succesfully Logged Out!!
2020-09-12 00:09:293 INFO  AlertHelper :25 - switched to alert: org.openqa.selenium.remote.RemoteWebDriver$RemoteAlert@32232e55
2020-09-12 00:09:301 INFO  AlertHelper :34 - accept the alert
2020-09-12 00:09:96 INFO  WaitHelper :138 - waiting for :[[ChromeDriver: chrome on WINDOWS (b8c64fb532303574bcd3132cdf8a2481)] -> xpath: //a[text()='Demo Site']] for :200 seconds
2020-09-12 00:09:137 INFO  WaitHelper :141 - element is visible now
2020-09-12 00:09:139 INFO  TestBase :86 - **************loginTestWithValidCredentialsFinished***************
2020-09-12 00:09:517 INFO  TestBase :128 - Initialize Web driver: 1750286943
2020-09-12 00:09:518 INFO  WaitHelper :39 - Implicit Wait has been set to: 120
2020-09-12 00:09:526 INFO  WaitHelper :49 - waiting for page to load: 100
2020-09-12 00:09:167 INFO  TestBase :171 - excel location D:\Guru99-CucumberBDD/resources/configFile/TestData.xlsx
2020-09-12 00:09:678 INFO  ExcelHelper :50 - number of active rows are: 2----number of active columns in row: 3
2020-09-12 00:09:684 INFO  TestBase :68 - **************loginTestWithValidCredentialsStarted***************
2020-09-12 00:09:783 INFO  VerificationHelper :26 - element is displayed Demo Site
2020-09-12 00:09:799 INFO  AssertionHelper :13 - verify text with Demo Site and Demo Site
2020-09-12 00:09:801 INFO  LoginPage :65 - user id entered..
2020-09-12 00:09:903 INFO  LoginPage :71 - password entered..
2020-09-12 00:09:29 INFO  LoginPage :77 - login button clicked..
2020-09-12 00:09:838 INFO  AlertHelper :68 - alert not present: null
2020-09-12 00:09:907 INFO  VerificationHelper :26 - element is displayed Guru99 Bank
2020-09-12 00:09:926 INFO  AssertionHelper :13 - verify text with Guru99 Bank and Guru99 Bank
2020-09-12 00:09:953 INFO  JavaScriptHelper :75 - scroll to element and click element: Log out
2020-09-12 00:09:971 INFO  JavaScriptHelper :66 - scroll to element: Log out
2020-09-12 00:09:916 INFO  LoginPage :123 - clicked on logout link
2020-09-12 00:09:920 INFO  AlertHelper :63 - alert is present
2020-09-12 00:09:922 INFO  AlertHelper :25 - switched to alert: org.openqa.selenium.remote.RemoteWebDriver$RemoteAlert@549621f3
2020-09-12 00:09:926 INFO  AlertHelper :25 - switched to alert: org.openqa.selenium.remote.RemoteWebDriver$RemoteAlert@54361a9
2020-09-12 00:09:930 INFO  AlertHelper :52 - alert text is: You Have Succesfully Logged Out!!
2020-09-12 00:09:932 INFO  AlertHelper :25 - switched to alert: org.openqa.selenium.remote.RemoteWebDriver$RemoteAlert@32232e55
2020-09-12 00:09:943 INFO  AlertHelper :34 - accept the alert
2020-09-12 00:09:278 INFO  WaitHelper :138 - waiting for :[[ChromeDriver: chrome on WINDOWS (74205bd6883f29ac89e3b807ca65e038)] -> xpath: //a[text()='Demo Site']] for :200 seconds
2020-09-12 00:09:321 INFO  WaitHelper :141 - element is visible now
2020-09-12 00:09:323 INFO  TestBase :86 - **************loginTestWithValidCredentialsFinished***************
2020-09-12 00:09:624 INFO  TestBase :68 - **************loginTestWithValidCredentialsStarted***************
2020-09-12 00:09:636 INFO  TestBase :86 - **************loginTestWithValidCredentialsFinished***************
2020-09-12 00:09:977 INFO  TestBase :128 - Initialize Web driver: 1750286943
2020-09-12 00:09:981 INFO  WaitHelper :39 - Implicit Wait has been set to: 120
2020-09-12 00:09:989 INFO  WaitHelper :49 - waiting for page to load: 100
2020-09-12 00:09:451 INFO  TestBase :171 - excel location D:\Guru99-CucumberBDD/resources/configFile/TestData.xlsx
2020-09-12 00:09:967 INFO  ExcelHelper :50 - number of active rows are: 2----number of active columns in row: 3
2020-09-12 00:09:975 INFO  TestBase :68 - **************loginTestWithValidCredentialsStarted***************
2020-09-12 00:09:56 INFO  VerificationHelper :26 - element is displayed Demo Site
2020-09-12 00:09:75 INFO  AssertionHelper :13 - verify text with Demo Site and Demo Site
2020-09-12 00:09:76 INFO  LoginPage :65 - user id entered..
2020-09-12 00:09:188 INFO  LoginPage :71 - password entered..
2020-09-12 00:09:278 INFO  LoginPage :77 - login button clicked..
2020-09-12 00:09:74 INFO  AlertHelper :68 - alert not present: null
2020-09-12 00:09:163 INFO  VerificationHelper :26 - element is displayed Guru99 Bank
2020-09-12 00:09:182 INFO  AssertionHelper :13 - verify text with Guru99 Bank and Guru99 Bank
2020-09-12 00:09:211 INFO  JavaScriptHelper :75 - scroll to element and click element: Log out
2020-09-12 00:09:230 INFO  JavaScriptHelper :66 - scroll to element: Log out
2020-09-12 00:09:417 INFO  LoginPage :123 - clicked on logout link
2020-09-12 00:09:422 INFO  AlertHelper :63 - alert is present
2020-09-12 00:09:425 INFO  AlertHelper :25 - switched to alert: org.openqa.selenium.remote.RemoteWebDriver$RemoteAlert@549621f3
2020-09-12 00:09:434 INFO  AlertHelper :25 - switched to alert: org.openqa.selenium.remote.RemoteWebDriver$RemoteAlert@54361a9
2020-09-12 00:09:438 INFO  AlertHelper :52 - alert text is: You Have Succesfully Logged Out!!
2020-09-12 00:09:440 INFO  AlertHelper :25 - switched to alert: org.openqa.selenium.remote.RemoteWebDriver$RemoteAlert@32232e55
2020-09-12 00:09:450 INFO  AlertHelper :34 - accept the alert
2020-09-12 00:09:204 INFO  WaitHelper :138 - waiting for :[[ChromeDriver: chrome on WINDOWS (095ec486fe8b3d692789e32b9e0728cd)] -> xpath: //a[text()='Demo Site']] for :200 seconds
2020-09-12 00:09:251 INFO  WaitHelper :141 - element is visible now
2020-09-12 00:09:253 INFO  TestBase :86 - **************loginTestWithValidCredentialsFinished***************
2020-09-12 00:09:536 INFO  TestBase :68 - **************loginTestWithValidCredentialsStarted***************
2020-09-12 00:09:619 INFO  VerificationHelper :26 - element is displayed Demo Site
2020-09-12 00:09:639 INFO  AssertionHelper :13 - verify text with Demo Site and Demo Site
2020-09-12 00:09:639 INFO  LoginPage :65 - user id entered..
2020-09-12 00:09:715 INFO  LoginPage :71 - password entered..
2020-09-12 00:09:788 INFO  LoginPage :77 - login button clicked..
2020-09-12 00:09:228 INFO  AlertHelper :63 - alert is present
2020-09-12 00:09:230 INFO  AlertHelper :25 - switched to alert: org.openqa.selenium.remote.RemoteWebDriver$RemoteAlert@6aa648b9
2020-09-12 00:09:233 INFO  AlertHelper :25 - switched to alert: org.openqa.selenium.remote.RemoteWebDriver$RemoteAlert@23c650a3
2020-09-12 00:09:237 INFO  AlertHelper :52 - alert text is: User or Password is not valid
2020-09-12 00:09:239 INFO  AlertHelper :25 - switched to alert: org.openqa.selenium.remote.RemoteWebDriver$RemoteAlert@742d4e15
2020-09-12 00:09:253 INFO  AlertHelper :34 - accept the alert
2020-09-12 00:09:612 INFO  VerificationHelper :26 - element is displayed Guru99 Bank
2020-09-12 00:09:630 INFO  AssertionHelper :13 - verify text with Guru99 Bank and Guru99 Bank
2020-09-12 00:09:83 INFO  TestBase :86 - **************loginTestWithValidCredentialsFinished***************
2020-09-12 00:09:528 INFO  TestBase :128 - Initialize Web driver: 1750286943
2020-09-12 00:09:532 INFO  WaitHelper :39 - Implicit Wait has been set to: 120
2020-09-12 00:09:539 INFO  WaitHelper :49 - waiting for page to load: 100
2020-09-12 00:09:837 INFO  TestBase :171 - excel location D:\Guru99-CucumberBDD/resources/configFile/TestData.xlsx
2020-09-12 00:09:427 INFO  ExcelHelper :50 - number of active rows are: 2----number of active columns in row: 3
2020-09-12 00:09:434 INFO  TestBase :68 - **************loginTestWithValidCredentialsStarted***************
2020-09-12 00:09:535 INFO  VerificationHelper :26 - element is displayed Demo Site
2020-09-12 00:09:555 INFO  AssertionHelper :13 - verify text with Demo Site and Demo Site
2020-09-12 00:09:558 INFO  LoginPage :65 - user id entered..
2020-09-12 00:09:677 INFO  LoginPage :71 - password entered..
2020-09-12 00:09:781 INFO  LoginPage :77 - login button clicked..
2020-09-12 00:09:530 INFO  AlertHelper :68 - alert not present: null
2020-09-12 00:09:597 INFO  VerificationHelper :26 - element is displayed Guru99 Bank
2020-09-12 00:09:616 INFO  AssertionHelper :13 - verify text with Guru99 Bank and Guru99 Bank
2020-09-12 00:09:647 INFO  JavaScriptHelper :75 - scroll to element and click element: Log out
2020-09-12 00:09:668 INFO  JavaScriptHelper :66 - scroll to element: Log out
2020-09-12 00:09:299 INFO  LoginPage :123 - clicked on logout link
2020-09-12 00:09:304 INFO  AlertHelper :68 - alert not present: null
2020-09-12 00:09:389 INFO  TestBase :128 - Initialize Web driver: 1750286943
2020-09-12 00:09:393 INFO  WaitHelper :39 - Implicit Wait has been set to: 120
2020-09-12 00:09:401 INFO  WaitHelper :49 - waiting for page to load: 100
2020-09-12 00:09:822 INFO  TestBase :171 - excel location D:\Guru99-CucumberBDD/resources/configFile/TestData.xlsx
2020-09-12 00:09:395 INFO  ExcelHelper :50 - number of active rows are: 2----number of active columns in row: 3
2020-09-12 00:09:402 INFO  TestBase :68 - **************loginTestWithValidCredentialsStarted***************
2020-09-12 00:09:496 INFO  VerificationHelper :26 - element is displayed Demo Site
2020-09-12 00:09:515 INFO  AssertionHelper :13 - verify text with Demo Site and Demo Site
2020-09-12 00:09:517 INFO  LoginPage :65 - user id entered..
2020-09-12 00:09:657 INFO  LoginPage :71 - password entered..
2020-09-12 00:09:758 INFO  LoginPage :77 - login button clicked..
2020-09-12 00:09:641 INFO  AlertHelper :68 - alert not present: null
2020-09-12 00:09:709 INFO  VerificationHelper :26 - element is displayed Guru99 Bank
2020-09-12 00:09:727 INFO  AssertionHelper :13 - verify text with Guru99 Bank and Guru99 Bank
2020-09-12 00:09:758 INFO  JavaScriptHelper :75 - scroll to element and click element: Log out
2020-09-12 00:09:775 INFO  JavaScriptHelper :66 - scroll to element: Log out
2020-09-12 00:09:360 INFO  LoginPage :123 - clicked on logout link
2020-09-12 00:09:364 INFO  AlertHelper :63 - alert is present
2020-09-12 00:09:367 INFO  AlertHelper :25 - switched to alert: org.openqa.selenium.remote.RemoteWebDriver$RemoteAlert@549621f3
2020-09-12 00:09:373 INFO  AlertHelper :25 - switched to alert: org.openqa.selenium.remote.RemoteWebDriver$RemoteAlert@54361a9
2020-09-12 00:09:377 INFO  AlertHelper :52 - alert text is: You Have Succesfully Logged Out!!
2020-09-12 00:09:380 INFO  AlertHelper :25 - switched to alert: org.openqa.selenium.remote.RemoteWebDriver$RemoteAlert@32232e55
2020-09-12 00:09:388 INFO  AlertHelper :34 - accept the alert
2020-09-12 00:09:427 INFO  WaitHelper :138 - waiting for :[[ChromeDriver: chrome on WINDOWS (02dd68f4960adbf05336875841b736f4)] -> xpath: //a[text()='Demo Site']] for :200 seconds
2020-09-12 00:09:468 INFO  WaitHelper :141 - element is visible now
2020-09-12 00:09:470 INFO  TestBase :86 - **************loginTestWithValidCredentialsFinished***************
2020-09-12 00:09:764 INFO  TestBase :68 - **************loginTestWithValidCredentialsStarted***************
2020-09-12 00:09:827 INFO  VerificationHelper :26 - element is displayed Demo Site
2020-09-12 00:09:847 INFO  AssertionHelper :13 - verify text with Demo Site and Demo Site
2020-09-12 00:09:848 INFO  LoginPage :65 - user id entered..
2020-09-12 00:09:921 INFO  LoginPage :71 - password entered..
2020-09-12 00:09:995 INFO  LoginPage :77 - login button clicked..
2020-09-12 00:09:410 INFO  AlertHelper :63 - alert is present
2020-09-12 00:09:413 INFO  AlertHelper :25 - switched to alert: org.openqa.selenium.remote.RemoteWebDriver$RemoteAlert@6aa648b9
2020-09-12 00:09:418 INFO  AlertHelper :25 - switched to alert: org.openqa.selenium.remote.RemoteWebDriver$RemoteAlert@23c650a3
2020-09-12 00:09:421 INFO  AlertHelper :52 - alert text is: User or Password is not valid
2020-09-12 00:09:423 INFO  AlertHelper :25 - switched to alert: org.openqa.selenium.remote.RemoteWebDriver$RemoteAlert@742d4e15
2020-09-12 00:09:437 INFO  AlertHelper :34 - accept the alert
2020-09-12 00:09:823 INFO  VerificationHelper :26 - element is displayed Guru99 Bank
2020-09-12 00:09:843 INFO  AssertionHelper :13 - verify text with Guru99 Bank and Guru99 Bank
2020-09-12 00:09:248 INFO  TestBase :86 - **************loginTestWithValidCredentialsFinished***************
2020-09-12 00:09:154 INFO  TestBase :128 - Initialize Web driver: 1750286943
2020-09-12 00:09:157 INFO  WaitHelper :39 - Implicit Wait has been set to: 120
2020-09-12 00:09:164 INFO  WaitHelper :49 - waiting for page to load: 100
2020-09-12 00:09:121 INFO  TestBase :171 - excel location D:\Guru99-CucumberBDD/resources/configFile/TestData.xlsx
2020-09-12 00:09:706 INFO  ExcelHelper :50 - number of active rows are: 2----number of active columns in row: 3
2020-09-12 00:09:715 INFO  TestBase :68 - **************loginTestWithValidCredentialsStarted***************
2020-09-12 00:09:815 INFO  VerificationHelper :26 - element is displayed Demo Site
2020-09-12 00:09:835 INFO  AssertionHelper :13 - verify text with Demo Site and Demo Site
2020-09-12 00:09:837 INFO  LoginPage :65 - user id entered..
2020-09-12 00:09:957 INFO  LoginPage :71 - password entered..
2020-09-12 00:09:48 INFO  LoginPage :77 - login button clicked..
2020-09-12 00:09:869 INFO  AlertHelper :68 - alert not present: null
2020-09-12 00:09:948 INFO  VerificationHelper :26 - element is displayed Guru99 Bank
2020-09-12 00:09:968 INFO  AssertionHelper :13 - verify text with Guru99 Bank and Guru99 Bank
2020-09-12 00:09:999 INFO  JavaScriptHelper :75 - scroll to element and click element: Log out
2020-09-12 00:09:18 INFO  JavaScriptHelper :66 - scroll to element: Log out
2020-09-12 00:09:149 INFO  LoginPage :123 - clicked on logout link
2020-09-12 00:09:151 INFO  AlertHelper :63 - alert is present
2020-09-12 00:09:153 INFO  AlertHelper :25 - switched to alert: org.openqa.selenium.remote.RemoteWebDriver$RemoteAlert@549621f3
2020-09-12 00:09:161 INFO  AlertHelper :25 - switched to alert: org.openqa.selenium.remote.RemoteWebDriver$RemoteAlert@54361a9
2020-09-12 00:09:167 INFO  AlertHelper :52 - alert text is: You Have Succesfully Logged Out!!
2020-09-12 00:09:169 INFO  AlertHelper :25 - switched to alert: org.openqa.selenium.remote.RemoteWebDriver$RemoteAlert@32232e55
2020-09-12 00:09:181 INFO  AlertHelper :34 - accept the alert
2020-09-12 00:09:572 INFO  WaitHelper :138 - waiting for :[[ChromeDriver: chrome on WINDOWS (1b38c54bdaf65294bfcb394472fa3645)] -> xpath: //a[text()='Demo Site']] for :200 seconds
2020-09-12 00:09:615 INFO  WaitHelper :141 - element is visible now
2020-09-12 00:09:617 INFO  TestBase :86 - **************loginTestWithValidCredentialsFinished***************
2020-09-12 00:09:894 INFO  TestBase :68 - **************loginTestWithValidCredentialsStarted***************
2020-09-12 00:09:946 INFO  VerificationHelper :26 - element is displayed Demo Site
2020-09-12 00:09:971 INFO  AssertionHelper :13 - verify text with Demo Site and Demo Site
2020-09-12 00:09:971 INFO  LoginPage :65 - user id entered..
2020-09-12 00:09:43 INFO  LoginPage :71 - password entered..
2020-09-12 00:09:114 INFO  LoginPage :77 - login button clicked..
2020-09-12 00:09:522 INFO  AlertHelper :63 - alert is present
2020-09-12 00:09:525 INFO  AlertHelper :25 - switched to alert: org.openqa.selenium.remote.RemoteWebDriver$RemoteAlert@6aa648b9
2020-09-12 00:09:530 INFO  AlertHelper :25 - switched to alert: org.openqa.selenium.remote.RemoteWebDriver$RemoteAlert@23c650a3
2020-09-12 00:09:533 INFO  AlertHelper :52 - alert text is: User or Password is not valid
2020-09-12 00:09:536 INFO  AlertHelper :25 - switched to alert: org.openqa.selenium.remote.RemoteWebDriver$RemoteAlert@742d4e15
2020-09-12 00:09:545 INFO  AlertHelper :34 - accept the alert
2020-09-12 00:09:472 INFO  VerificationHelper :26 - element is displayed Guru99 Bank
2020-09-12 00:09:492 INFO  AssertionHelper :13 - verify text with Guru99 Bank and Guru99 Bank
2020-09-12 00:09:324 INFO  TestBase :128 - Initialize Web driver: 1750286943
2020-09-12 00:09:327 INFO  WaitHelper :39 - Implicit Wait has been set to: 120
2020-09-12 00:09:334 INFO  WaitHelper :49 - waiting for page to load: 100
2020-09-12 00:09:616 INFO  TestBase :171 - excel location D:\Guru99-CucumberBDD/resources/configFile/TestData.xlsx
2020-09-12 00:09:115 INFO  ExcelHelper :50 - number of active rows are: 2----number of active columns in row: 3
2020-09-12 00:09:122 INFO  TestBase :68 - **************loginTestWithValidCredentialsStarted***************
2020-09-12 00:09:198 INFO  VerificationHelper :26 - element is displayed Demo Site
2020-09-12 00:09:221 INFO  AssertionHelper :13 - verify text with Demo Site and Demo Site
2020-09-12 00:09:223 INFO  LoginPage :65 - user id entered..
2020-09-12 00:09:319 INFO  LoginPage :71 - password entered..
2020-09-12 00:09:405 INFO  LoginPage :77 - login button clicked..
2020-09-12 00:09:887 INFO  AlertHelper :68 - alert not present: null
2020-09-12 00:09:975 INFO  VerificationHelper :26 - element is displayed Guru99 Bank
2020-09-12 00:09:995 INFO  AssertionHelper :13 - verify text with Guru99 Bank and Guru99 Bank
2020-09-12 00:09:21 INFO  JavaScriptHelper :75 - scroll to element and click element: Log out
2020-09-12 00:09:39 INFO  JavaScriptHelper :66 - scroll to element: Log out
2020-09-12 00:09:217 INFO  LoginPage :123 - clicked on logout link
2020-09-12 00:09:220 INFO  AlertHelper :63 - alert is present
2020-09-12 00:09:222 INFO  AlertHelper :25 - switched to alert: org.openqa.selenium.remote.RemoteWebDriver$RemoteAlert@549621f3
2020-09-12 00:09:229 INFO  AlertHelper :25 - switched to alert: org.openqa.selenium.remote.RemoteWebDriver$RemoteAlert@54361a9
2020-09-12 00:09:234 INFO  AlertHelper :52 - alert text is: You Have Succesfully Logged Out!!
2020-09-12 00:09:236 INFO  AlertHelper :25 - switched to alert: org.openqa.selenium.remote.RemoteWebDriver$RemoteAlert@32232e55
2020-09-12 00:09:244 INFO  AlertHelper :34 - accept the alert
2020-09-12 00:09:222 INFO  WaitHelper :138 - waiting for :[[ChromeDriver: chrome on WINDOWS (8d6fd1198cc09f5583080df3da47ee37)] -> xpath: //a[text()='Demo Site']] for :200 seconds
2020-09-12 00:09:265 INFO  WaitHelper :141 - element is visible now
2020-09-12 00:09:267 INFO  TestBase :86 - **************loginTestWithValidCredentialsFinished***************
2020-09-12 00:09:563 INFO  TestBase :68 - **************loginTestWithValidCredentialsStarted***************
2020-09-12 00:09:633 INFO  VerificationHelper :26 - element is displayed Demo Site
2020-09-12 00:09:651 INFO  AssertionHelper :13 - verify text with Demo Site and Demo Site
2020-09-12 00:09:651 INFO  LoginPage :65 - user id entered..
2020-09-12 00:09:732 INFO  LoginPage :71 - password entered..
2020-09-12 00:09:813 INFO  LoginPage :77 - login button clicked..
2020-09-12 00:09:223 INFO  AlertHelper :63 - alert is present
2020-09-12 00:09:224 INFO  AlertHelper :25 - switched to alert: org.openqa.selenium.remote.RemoteWebDriver$RemoteAlert@6aa648b9
2020-09-12 00:09:230 INFO  AlertHelper :25 - switched to alert: org.openqa.selenium.remote.RemoteWebDriver$RemoteAlert@23c650a3
2020-09-12 00:09:234 INFO  AlertHelper :52 - alert text is: User or Password is not valid
2020-09-12 00:09:236 INFO  AlertHelper :25 - switched to alert: org.openqa.selenium.remote.RemoteWebDriver$RemoteAlert@742d4e15
2020-09-12 00:09:255 INFO  AlertHelper :34 - accept the alert
2020-09-12 00:09:266 INFO  VerificationHelper :26 - element is displayed Guru99 Bank
2020-09-12 00:09:284 INFO  AssertionHelper :13 - verify text with Guru99 Bank and Guru99 Bank
2020-09-12 00:09:332 INFO  LoginTest :62 - homepage not visible..Guru99 Bank
2020-09-12 00:09:336 INFO  TestBase :86 - **************loginTestWithValidCredentialsFinished***************
2020-09-12 01:09:411 INFO  TestBase :128 - Initialize Web driver: 1750286943
2020-09-12 01:09:415 INFO  WaitHelper :39 - Implicit Wait has been set to: 120
2020-09-12 01:09:422 INFO  WaitHelper :49 - waiting for page to load: 100
2020-09-12 01:09:655 INFO  TestBase :171 - excel location D:\Guru99-CucumberBDD/resources/configFile/TestData.xlsx
2020-09-12 01:09:305 INFO  ExcelHelper :50 - number of active rows are: 2----number of active columns in row: 3
2020-09-12 01:09:314 INFO  TestBase :68 - **************loginTestWithValidCredentialsStarted***************
2020-09-12 01:09:419 INFO  VerificationHelper :26 - element is displayed Demo Site
2020-09-12 01:09:440 INFO  AssertionHelper :13 - verify text with Demo Site and Demo Site
2020-09-12 01:09:443 INFO  LoginPage :65 - user id entered..
2020-09-12 01:09:567 INFO  LoginPage :71 - password entered..
2020-09-12 01:09:691 INFO  LoginPage :77 - login button clicked..
2020-09-12 01:09:852 INFO  AlertHelper :68 - alert not present: null
2020-09-12 01:09:890 INFO  JavaScriptHelper :75 - scroll to element and click element: Log out
2020-09-12 01:09:914 INFO  JavaScriptHelper :66 - scroll to element: Log out
2020-09-12 01:09:623 INFO  LoginPage :123 - clicked on logout link
2020-09-12 01:09:629 INFO  AlertHelper :63 - alert is present
2020-09-12 01:09:633 INFO  AlertHelper :25 - switched to alert: org.openqa.selenium.remote.RemoteWebDriver$RemoteAlert@6e521c1e
2020-09-12 01:09:637 INFO  AlertHelper :25 - switched to alert: org.openqa.selenium.remote.RemoteWebDriver$RemoteAlert@224b4d61
2020-09-12 01:09:642 INFO  AlertHelper :52 - alert text is: You Have Succesfully Logged Out!!
2020-09-12 01:09:649 INFO  AlertHelper :25 - switched to alert: org.openqa.selenium.remote.RemoteWebDriver$RemoteAlert@5d5d9e5
2020-09-12 01:09:665 INFO  AlertHelper :34 - accept the alert
2020-09-12 01:09:449 INFO  WaitHelper :138 - waiting for :[[ChromeDriver: chrome on WINDOWS (c8ef8dc8953d6e0f8b9a35923c3ec173)] -> xpath: //a[text()='Demo Site']] for :200 seconds
2020-09-12 01:09:500 INFO  WaitHelper :141 - element is visible now
2020-09-12 01:09:501 INFO  TestBase :86 - **************loginTestWithValidCredentialsFinished***************
2020-09-12 01:09:820 INFO  TestBase :68 - **************loginTestWithValidCredentialsStarted***************
2020-09-12 01:09:897 INFO  VerificationHelper :26 - element is displayed Demo Site
2020-09-12 01:09:917 INFO  AssertionHelper :13 - verify text with Demo Site and Demo Site
2020-09-12 01:09:918 INFO  LoginPage :65 - user id entered..
2020-09-12 01:09:990 INFO  LoginPage :71 - password entered..
2020-09-12 01:09:69 INFO  LoginPage :77 - login button clicked..
2020-09-12 01:09:481 INFO  AlertHelper :63 - alert is present
2020-09-12 01:09:483 INFO  AlertHelper :25 - switched to alert: org.openqa.selenium.remote.RemoteWebDriver$RemoteAlert@3f3ddbd9
2020-09-12 01:09:486 INFO  AlertHelper :25 - switched to alert: org.openqa.selenium.remote.RemoteWebDriver$RemoteAlert@14c053c6
2020-09-12 01:09:490 INFO  AlertHelper :52 - alert text is: User or Password is not valid
2020-09-12 01:09:493 INFO  AlertHelper :25 - switched to alert: org.openqa.selenium.remote.RemoteWebDriver$RemoteAlert@6c2d4cc6
2020-09-12 01:09:504 INFO  AlertHelper :34 - accept the alert
2020-09-12 01:09:182 INFO  LoginTest :62 - homepage not visible..
2020-09-12 01:09:186 INFO  TestBase :86 - **************loginTestWithValidCredentialsFinished***************
2020-09-12 01:09:323 INFO  TestBase :128 - Initialize Web driver: 674019271
2020-09-12 01:09:326 INFO  WaitHelper :39 - Implicit Wait has been set to: 120
2020-09-12 01:09:333 INFO  WaitHelper :49 - waiting for page to load: 100
2020-09-12 01:09:815 INFO  TestBase :171 - excel location D:\Guru99-CucumberBDD/resources/configFile/TestData.xlsx
2020-09-12 01:09:594 INFO  ExcelHelper :50 - number of active rows are: 4----number of active columns in row: 3
2020-09-12 01:09:609 INFO  TestBase :68 - **************loginTestWithCredentialsStarted***************
2020-09-12 01:09:760 INFO  VerificationHelper :26 - element is displayed Demo Site
2020-09-12 01:09:788 INFO  AssertionHelper :13 - verify text with Demo Site and Demo Site
2020-09-12 01:09:790 INFO  LoginPage :65 - user id entered..
2020-09-12 01:09:936 INFO  LoginPage :71 - password entered..
2020-09-12 01:09:85 INFO  LoginPage :77 - login button clicked..
2020-09-12 01:09:937 INFO  AlertHelper :68 - alert not present: null
2020-09-12 01:09:979 INFO  JavaScriptHelper :75 - scroll to element and click element: Log out
2020-09-12 01:09:00 INFO  JavaScriptHelper :66 - scroll to element: Log out
2020-09-12 01:09:836 INFO  LoginPage :123 - clicked on logout link
2020-09-12 01:09:838 INFO  AlertHelper :63 - alert is present
2020-09-12 01:09:841 INFO  AlertHelper :25 - switched to alert: org.openqa.selenium.remote.RemoteWebDriver$RemoteAlert@3a4e343
2020-09-12 01:09:846 INFO  AlertHelper :25 - switched to alert: org.openqa.selenium.remote.RemoteWebDriver$RemoteAlert@6a1d204a
2020-09-12 01:09:851 INFO  AlertHelper :52 - alert text is: You Have Succesfully Logged Out!!
2020-09-12 01:09:853 INFO  AlertHelper :25 - switched to alert: org.openqa.selenium.remote.RemoteWebDriver$RemoteAlert@62dae245
2020-09-12 01:09:862 INFO  AlertHelper :34 - accept the alert
2020-09-12 01:09:367 INFO  WaitHelper :138 - waiting for :[[ChromeDriver: chrome on WINDOWS (49fc0e5eed71c8f0cc4e49c9f80d2d76)] -> xpath: //a[text()='Demo Site']] for :200 seconds
2020-09-12 01:09:416 INFO  WaitHelper :141 - element is visible now
2020-09-12 01:09:418 INFO  TestBase :86 - **************loginTestWithCredentialsFinished***************
2020-09-12 01:09:734 INFO  TestBase :68 - **************loginTestWithCredentialsStarted***************
2020-09-12 01:09:819 INFO  VerificationHelper :26 - element is displayed Demo Site
2020-09-12 01:09:839 INFO  AssertionHelper :13 - verify text with Demo Site and Demo Site
2020-09-12 01:09:840 INFO  LoginPage :65 - user id entered..
2020-09-12 01:09:919 INFO  LoginPage :71 - password entered..
2020-09-12 01:09:998 INFO  LoginPage :77 - login button clicked..
2020-09-12 01:09:466 INFO  AlertHelper :63 - alert is present
2020-09-12 01:09:469 INFO  AlertHelper :25 - switched to alert: org.openqa.selenium.remote.RemoteWebDriver$RemoteAlert@53cdecf6
2020-09-12 01:09:474 INFO  AlertHelper :25 - switched to alert: org.openqa.selenium.remote.RemoteWebDriver$RemoteAlert@71ea1fda
2020-09-12 01:09:479 INFO  AlertHelper :52 - alert text is: User or Password is not valid
2020-09-12 01:09:482 INFO  AlertHelper :25 - switched to alert: org.openqa.selenium.remote.RemoteWebDriver$RemoteAlert@62b3df3a
2020-09-12 01:09:493 INFO  AlertHelper :34 - accept the alert
2020-09-12 01:09:927 INFO  LoginTest :62 - homepage not visible..
2020-09-12 01:09:931 INFO  TestBase :86 - **************loginTestWithCredentialsFinished***************
2020-09-12 01:09:981 INFO  TestBase :68 - **************loginTestWithCredentialsStarted***************
2020-09-12 01:09:48 INFO  VerificationHelper :26 - element is displayed Demo Site
2020-09-12 01:09:68 INFO  AssertionHelper :13 - verify text with Demo Site and Demo Site
2020-09-12 01:09:68 INFO  LoginPage :65 - user id entered..
2020-09-12 01:09:199 INFO  LoginPage :71 - password entered..
2020-09-12 01:09:274 INFO  LoginPage :77 - login button clicked..
2020-09-12 01:09:51 INFO  AlertHelper :63 - alert is present
2020-09-12 01:09:53 INFO  AlertHelper :25 - switched to alert: org.openqa.selenium.remote.RemoteWebDriver$RemoteAlert@edf4f36
2020-09-12 01:09:57 INFO  AlertHelper :25 - switched to alert: org.openqa.selenium.remote.RemoteWebDriver$RemoteAlert@29d334c
2020-09-12 01:09:63 INFO  AlertHelper :52 - alert text is: User or Password is not valid
2020-09-12 01:09:66 INFO  AlertHelper :25 - switched to alert: org.openqa.selenium.remote.RemoteWebDriver$RemoteAlert@100f9bbe
2020-09-12 01:09:74 INFO  AlertHelper :34 - accept the alert
2020-09-12 01:09:127 INFO  LoginTest :62 - homepage not visible..
2020-09-12 01:09:157 INFO  TestBase :86 - **************loginTestWithCredentialsFinished***************
2020-09-12 01:09:265 INFO  TestBase :68 - **************loginTestWithCredentialsStarted***************
2020-09-12 01:09:333 INFO  VerificationHelper :26 - element is displayed Demo Site
2020-09-12 01:09:374 INFO  AssertionHelper :13 - verify text with Demo Site and Demo Site
2020-09-12 01:09:375 INFO  LoginPage :65 - user id entered..
2020-09-12 01:09:444 INFO  LoginPage :71 - password entered..
2020-09-12 01:09:531 INFO  LoginPage :77 - login button clicked..
2020-09-12 01:09:723 INFO  AlertHelper :63 - alert is present
2020-09-12 01:09:727 INFO  AlertHelper :25 - switched to alert: org.openqa.selenium.remote.RemoteWebDriver$RemoteAlert@1efdcd5
2020-09-12 01:09:731 INFO  AlertHelper :25 - switched to alert: org.openqa.selenium.remote.RemoteWebDriver$RemoteAlert@1623bbe5
2020-09-12 01:09:735 INFO  AlertHelper :52 - alert text is: User or Password is not valid
2020-09-12 01:09:740 INFO  AlertHelper :25 - switched to alert: org.openqa.selenium.remote.RemoteWebDriver$RemoteAlert@7af1cd63
2020-09-12 01:09:748 INFO  AlertHelper :34 - accept the alert
2020-09-12 01:09:373 INFO  LoginTest :62 - homepage not visible..
2020-09-12 01:09:377 INFO  TestBase :86 - **************loginTestWithCredentialsFinished***************
2020-09-12 01:09:791 INFO  ExtentListener :29 - LoginTest Class Started..
2020-09-12 01:09:59 INFO  TestBase :127 - Initialize Web driver: 1829217853
2020-09-12 01:09:60 INFO  WaitHelper :39 - Implicit Wait has been set to: 120
2020-09-12 01:09:67 INFO  WaitHelper :49 - waiting for page to load: 100
2020-09-12 01:09:319 INFO  TestBase :170 - excel location D:\Guru99-CucumberBDD/resources/configFile/TestData.xlsx
2020-09-12 01:09:925 INFO  ExcelHelper :50 - number of active rows are: 4----number of active columns in row: 3
2020-09-12 01:09:936 INFO  TestBase :68 - **************loginTestWithCredentialsStarted***************
2020-09-12 01:09:942 INFO  ExtentListener :53 - loginTestWithCredentials Test Started..
2020-09-12 01:09:39 INFO  VerificationHelper :26 - element is displayed Demo Site
2020-09-12 01:09:59 INFO  AssertionHelper :13 - verify text with Demo Site and Demo Site
2020-09-12 01:09:62 INFO  LoginPage :65 - user id entered..
2020-09-12 01:09:169 INFO  LoginPage :71 - password entered..
2020-09-12 01:09:289 INFO  LoginPage :77 - login button clicked..
2020-09-12 01:09:419 INFO  AlertHelper :68 - alert not present: null
2020-09-12 01:09:450 INFO  JavaScriptHelper :75 - scroll to element and click element: Log out
2020-09-12 01:09:468 INFO  JavaScriptHelper :66 - scroll to element: Log out
2020-09-12 01:09:128 INFO  LoginPage :123 - clicked on logout link
2020-09-12 01:09:133 INFO  AlertHelper :63 - alert is present
2020-09-12 01:09:136 INFO  AlertHelper :25 - switched to alert: org.openqa.selenium.remote.RemoteWebDriver$RemoteAlert@71c5b236
2020-09-12 01:09:140 INFO  AlertHelper :25 - switched to alert: org.openqa.selenium.remote.RemoteWebDriver$RemoteAlert@2cab9998
2020-09-12 01:09:144 INFO  AlertHelper :52 - alert text is: You Have Succesfully Logged Out!!
2020-09-12 01:09:146 INFO  AlertHelper :25 - switched to alert: org.openqa.selenium.remote.RemoteWebDriver$RemoteAlert@2f7a7219
2020-09-12 01:09:156 INFO  AlertHelper :34 - accept the alert
2020-09-12 01:09:858 INFO  WaitHelper :138 - waiting for :[[ChromeDriver: chrome on WINDOWS (2add817bcea22c994fe6fa4bba60f532)] -> xpath: //a[text()='Demo Site']] for :200 seconds
2020-09-12 01:09:909 INFO  WaitHelper :141 - element is visible now
2020-09-12 01:09:911 INFO  ExtentListener :59 - loginTestWithCredentials Test Passed..
2020-09-12 01:09:911 INFO  TestBase :86 - **************loginTestWithCredentialsFinished***************
2020-09-12 01:09:171 INFO  TestBase :68 - **************loginTestWithCredentialsStarted***************
2020-09-12 01:09:173 INFO  ExtentListener :53 - loginTestWithCredentials Test Started..
2020-09-12 01:09:176 WARN  ExtentListener :47 - loginTestWithCredentials Test Skipped..org.testng.SkipException: Run mode for this set of data is marked N
2020-09-12 01:09:184 INFO  TestBase :86 - **************loginTestWithCredentialsFinished***************
2020-09-12 01:09:276 INFO  TestBase :68 - **************loginTestWithCredentialsStarted***************
2020-09-12 01:09:277 INFO  ExtentListener :53 - loginTestWithCredentials Test Started..
2020-09-12 01:09:278 WARN  ExtentListener :47 - loginTestWithCredentials Test Skipped..org.testng.SkipException: Run mode for this set of data is marked N
2020-09-12 01:09:280 INFO  TestBase :86 - **************loginTestWithCredentialsFinished***************
2020-09-12 01:09:327 INFO  TestBase :68 - **************loginTestWithCredentialsStarted***************
2020-09-12 01:09:329 INFO  ExtentListener :53 - loginTestWithCredentials Test Started..
2020-09-12 01:09:332 WARN  ExtentListener :47 - loginTestWithCredentials Test Skipped..org.testng.SkipException: Run mode for this set of data is marked N
2020-09-12 01:09:333 INFO  TestBase :86 - **************loginTestWithCredentialsFinished***************
2020-09-12 01:09:92 INFO  ExtentListener :21 - LoginTest Test Finished..
2020-09-12 01:09:96 INFO  ExtentListener :29 - Test1 Class Started..
2020-09-12 01:09:341 INFO  TestBase :127 - Initialize Web driver: 1256893889
2020-09-12 01:09:341 INFO  WaitHelper :39 - Implicit Wait has been set to: 120
2020-09-12 01:09:344 INFO  WaitHelper :49 - waiting for page to load: 100
2020-09-12 01:09:358 INFO  TestBase :68 - **************loginStarted***************
2020-09-12 01:09:359 INFO  ExtentListener :53 - login Test Started..
2020-09-12 01:09:359 INFO  AssertionHelper :18 - making script pass....
2020-09-12 01:09:360 INFO  ExtentListener :59 - login Test Passed..
2020-09-12 01:09:360 INFO  TestBase :86 - **************loginFinished***************
2020-09-12 01:09:40 INFO  ExtentListener :21 - Test1 Test Finished..
2020-09-12 01:09:41 INFO  ExtentListener :29 - Test2 Class Started..
2020-09-12 01:09:310 INFO  TestBase :127 - Initialize Web driver: 1538462491
2020-09-12 01:09:311 INFO  WaitHelper :39 - Implicit Wait has been set to: 120
2020-09-12 01:09:314 INFO  WaitHelper :49 - waiting for page to load: 100
2020-09-12 01:09:333 INFO  TestBase :68 - **************login4Started***************
2020-09-12 01:09:334 INFO  ExtentListener :53 - login4 Test Started..
2020-09-12 01:09:336 ERROR ExtentListener :40 - login4 Test Failed..java.lang.AssertionError: expected [true] but found [false]
2020-09-12 01:09:615 INFO  TestBase :86 - **************login4Finished***************
2020-09-12 01:09:301 INFO  ExtentListener :21 - Test2 Test Finished..
2020-09-12 01:09:302 INFO  ExtentListener :29 - TestScreenShot Class Started..
2020-09-12 01:09:585 INFO  TestBase :127 - Initialize Web driver: 589016913
2020-09-12 01:09:585 INFO  WaitHelper :39 - Implicit Wait has been set to: 120
2020-09-12 01:09:589 INFO  WaitHelper :49 - waiting for page to load: 100
2020-09-12 01:09:607 INFO  TestBase :68 - **************testscreen1Started***************
2020-09-12 01:09:608 INFO  ExtentListener :53 - testscreen1 Test Started..
2020-09-12 01:09:64 INFO  ExtentListener :59 - testscreen1 Test Passed..
2020-09-12 01:09:64 INFO  TestBase :86 - **************testscreen1Finished***************
2020-09-12 01:09:191 INFO  TestBase :68 - **************testscreen2Started***************
2020-09-12 01:09:191 INFO  ExtentListener :53 - testscreen2 Test Started..
2020-09-12 01:09:382 INFO  ExtentListener :59 - testscreen2 Test Passed..
2020-09-12 01:09:383 INFO  TestBase :86 - **************testscreen2Finished***************
2020-09-12 01:09:171 INFO  ExtentListener :21 - TestScreenShot Test Finished..
2020-09-12 01:09:902 INFO  ExtentListener :29 - LoginTest Class Started..
2020-09-12 01:09:112 INFO  TestBase :127 - Initialize Web driver: 1829217853
2020-09-12 01:09:113 INFO  WaitHelper :39 - Implicit Wait has been set to: 120
2020-09-12 01:09:120 INFO  WaitHelper :49 - waiting for page to load: 100
2020-09-12 01:09:315 INFO  TestBase :170 - excel location D:\Guru99-CucumberBDD/resources/configFile/TestData.xlsx
2020-09-12 01:09:934 INFO  ExcelHelper :50 - number of active rows are: 4----number of active columns in row: 3
2020-09-12 01:09:943 INFO  TestBase :68 - **************loginTestWithCredentialsStarted***************
2020-09-12 01:09:948 INFO  ExtentListener :53 - loginTestWithCredentials Test Started..
2020-09-12 01:09:47 INFO  VerificationHelper :26 - element is displayed Demo Site
2020-09-12 01:09:66 INFO  AssertionHelper :13 - verify text with Demo Site and Demo Site
2020-09-12 01:09:69 INFO  LoginPage :65 - user id entered..
2020-09-12 01:09:184 INFO  LoginPage :71 - password entered..
2020-09-12 01:09:280 INFO  LoginPage :77 - login button clicked..
2020-09-12 01:09:44 INFO  AlertHelper :68 - alert not present: null
2020-09-12 01:09:82 INFO  JavaScriptHelper :75 - scroll to element and click element: Log out
2020-09-12 01:09:100 INFO  JavaScriptHelper :66 - scroll to element: Log out
2020-09-12 01:09:270 INFO  LoginPage :123 - clicked on logout link
2020-09-12 01:09:273 INFO  AlertHelper :63 - alert is present
2020-09-12 01:09:276 INFO  AlertHelper :25 - switched to alert: org.openqa.selenium.remote.RemoteWebDriver$RemoteAlert@71c5b236
2020-09-12 01:09:281 INFO  AlertHelper :25 - switched to alert: org.openqa.selenium.remote.RemoteWebDriver$RemoteAlert@2cab9998
2020-09-12 01:09:286 INFO  AlertHelper :52 - alert text is: You Have Succesfully Logged Out!!
2020-09-12 01:09:288 INFO  AlertHelper :25 - switched to alert: org.openqa.selenium.remote.RemoteWebDriver$RemoteAlert@2f7a7219
2020-09-12 01:09:302 INFO  AlertHelper :34 - accept the alert
2020-09-12 01:09:722 INFO  WaitHelper :138 - waiting for :[[ChromeDriver: chrome on WINDOWS (a2807b849a9be53d9f11f8c77bb2dddc)] -> xpath: //a[text()='Demo Site']] for :200 seconds
2020-09-12 01:09:772 INFO  WaitHelper :141 - element is visible now
2020-09-12 01:09:773 INFO  ExtentListener :59 - loginTestWithCredentials Test Passed..
2020-09-12 01:09:774 INFO  TestBase :86 - **************loginTestWithCredentialsFinished***************
2020-09-12 01:09:35 INFO  TestBase :68 - **************loginTestWithCredentialsStarted***************
2020-09-12 01:09:37 INFO  ExtentListener :53 - loginTestWithCredentials Test Started..
2020-09-12 01:09:42 WARN  ExtentListener :47 - loginTestWithCredentials Test Skipped..org.testng.SkipException: Run mode for this set of data is marked N
2020-09-12 01:09:47 INFO  TestBase :86 - **************loginTestWithCredentialsFinished***************
2020-09-12 01:09:123 INFO  TestBase :68 - **************loginTestWithCredentialsStarted***************
2020-09-12 01:09:124 INFO  ExtentListener :53 - loginTestWithCredentials Test Started..
2020-09-12 01:09:131 WARN  ExtentListener :47 - loginTestWithCredentials Test Skipped..org.testng.SkipException: Run mode for this set of data is marked N
2020-09-12 01:09:133 INFO  TestBase :86 - **************loginTestWithCredentialsFinished***************
2020-09-12 01:09:199 INFO  TestBase :68 - **************loginTestWithCredentialsStarted***************
2020-09-12 01:09:200 INFO  ExtentListener :53 - loginTestWithCredentials Test Started..
2020-09-12 01:09:204 WARN  ExtentListener :47 - loginTestWithCredentials Test Skipped..org.testng.SkipException: Run mode for this set of data is marked N
2020-09-12 01:09:206 INFO  TestBase :86 - **************loginTestWithCredentialsFinished***************
2020-09-12 01:09:969 INFO  ExtentListener :21 - LoginTest Test Finished..
2020-09-12 01:09:971 INFO  ExtentListener :29 - Test1 Class Started..
2020-09-12 01:09:183 INFO  TestBase :127 - Initialize Web driver: 1256893889
2020-09-12 01:09:183 INFO  WaitHelper :39 - Implicit Wait has been set to: 120
2020-09-12 01:09:186 INFO  WaitHelper :49 - waiting for page to load: 100
2020-09-12 01:09:201 INFO  TestBase :68 - **************loginStarted***************
2020-09-12 01:09:202 INFO  ExtentListener :53 - login Test Started..
2020-09-12 01:09:202 INFO  AssertionHelper :18 - making script pass....
2020-09-12 01:09:204 INFO  ExtentListener :59 - login Test Passed..
2020-09-12 01:09:206 INFO  TestBase :86 - **************loginFinished***************
2020-09-12 01:09:931 INFO  ExtentListener :21 - Test1 Test Finished..
2020-09-12 01:09:932 INFO  ExtentListener :29 - Test2 Class Started..
2020-09-12 01:09:187 INFO  TestBase :127 - Initialize Web driver: 1538462491
2020-09-12 01:09:188 INFO  WaitHelper :39 - Implicit Wait has been set to: 120
2020-09-12 01:09:191 INFO  WaitHelper :49 - waiting for page to load: 100
2020-09-12 01:09:208 INFO  TestBase :68 - **************login4Started***************
2020-09-12 01:09:208 INFO  ExtentListener :53 - login4 Test Started..
2020-09-12 01:09:210 ERROR ExtentListener :40 - login4 Test Failed..java.lang.AssertionError: expected [true] but found [false]
2020-09-12 01:09:480 INFO  TestBase :86 - **************login4Finished***************
2020-09-12 01:09:173 INFO  ExtentListener :21 - Test2 Test Finished..
2020-09-12 01:09:173 INFO  ExtentListener :29 - TestScreenShot Class Started..
2020-09-12 01:09:447 INFO  TestBase :127 - Initialize Web driver: 589016913
2020-09-12 01:09:448 INFO  WaitHelper :39 - Implicit Wait has been set to: 120
2020-09-12 01:09:451 INFO  WaitHelper :49 - waiting for page to load: 100
2020-09-12 01:09:463 INFO  TestBase :68 - **************testscreen1Started***************
2020-09-12 01:09:464 INFO  ExtentListener :53 - testscreen1 Test Started..
2020-09-12 01:09:91 INFO  ExtentListener :59 - testscreen1 Test Passed..
2020-09-12 01:09:92 INFO  TestBase :86 - **************testscreen1Finished***************
2020-09-12 01:09:160 INFO  TestBase :68 - **************testscreen2Started***************
2020-09-12 01:09:161 INFO  ExtentListener :53 - testscreen2 Test Started..
2020-09-12 01:09:605 INFO  ExtentListener :59 - testscreen2 Test Passed..
2020-09-12 01:09:606 INFO  TestBase :86 - **************testscreen2Finished***************
2020-09-12 01:09:381 INFO  ExtentListener :21 - TestScreenShot Test Finished..
