<html>
<head>
<title>TestNG:  LoginTest</title>
<link href="../testng.css" rel="stylesheet" type="text/css" />
<link href="../my-testng.css" rel="stylesheet" type="text/css" />

<style type="text/css">
.log { display: none;} 
.stack-trace { display: none;} 
</style>
<script type="text/javascript">
<!--
function flip(e) {
  current = e.style.display;
  if (current == 'block') {
    e.style.display = 'none';
    return 0;
  }
  else {
    e.style.display = 'block';
    return 1;
  }
}

function toggleBox(szDivId, elem, msg1, msg2)
{
  var res = -1;  if (document.getElementById) {
    res = flip(document.getElementById(szDivId));
  }
  else if (document.all) {
    // this is the way old msie versions work
    res = flip(document.all[szDivId]);
  }
  if(elem) {
    if(res == 0) elem.innerHTML = msg1; else elem.innerHTML = msg2;
  }

}

function toggleAllBoxes() {
  if (document.getElementsByTagName) {
    d = document.getElementsByTagName('div');
    for (i = 0; i < d.length; i++) {
      if (d[i].className == 'log') {
        flip(d[i]);
      }
    }
  }
}

// -->
</script>

</head>
<body>
<h2 align='center'>LoginTest</h2><table border='1' align="center">
<tr>
<td>Tests passed/Failed/Skipped:</td><td>1/0/3</td>
</tr><tr>
<td>Started on:</td><td>Sat Sep 12 01:20:58 IST 2020</td>
</tr>
<tr><td>Total time:</td><td>16 seconds (16058 ms)</td>
</tr><tr>
<td>Included groups:</td><td></td>
</tr><tr>
<td>Excluded groups:</td><td></td>
</tr>
</table><p/>
<small><i>(Hover the method name to see the test class name)</i></small><p/>
<table width='100%' border='1' class='invocation-passed'>
<tr><td colspan='4' align='center'><b>PASSED TESTS</b></td></tr>
<tr><td><b>Test method</b></td>
<td width="30%"><b>Exception</b></td>
<td width="10%"><b>Time (seconds)</b></td>
<td><b>Instance</b></td>
</tr>
<tr>
<td title='testScripts.loginPage.LoginTest.loginTestWithCredentials()'><b>loginTestWithCredentials</b><br>Test class: testScripts.loginPage.LoginTest<br>Parameters: mngr283898, gUdudUb, y<br/>
<a href="#Output-2111882926" onClick='toggleBox("Output-2111882926", this, "Show output", "Hide output");'>Show output</a>

<a href="#Output-2111882926" onClick="toggleAllBoxes();">Show all outputs</a>
<div class='log' id="Output-2111882926">
loginTestWithCredentials Test Passed..<br/>
</div>
</td>
<td></td>
<td>4</td>
<td>testScripts.loginPage.LoginTest@6574b225</td></tr>
</table><p>
<table width='100%' border='1' class='invocation-skipped'>
<tr><td colspan='4' align='center'><b>SKIPPED TESTS</b></td></tr>
<tr><td><b>Test method</b></td>
<td width="30%"><b>Exception</b></td>
<td width="10%"><b>Time (seconds)</b></td>
<td><b>Instance</b></td>
</tr>
<tr>
<td title='testScripts.loginPage.LoginTest.loginTestWithCredentials()'><b>loginTestWithCredentials</b><br>Test class: testScripts.loginPage.LoginTest<br>Parameters: sumit, gUdudUb, n<br/>
<a href="#Output-1851522556" onClick='toggleBox("Output-1851522556", this, "Show output", "Hide output");'>Show output</a>

<a href="#Output-1851522556" onClick="toggleAllBoxes();">Show all outputs</a>
<div class='log' id="Output-1851522556">
loginTestWithCredentials Test Skipped..org.testng.SkipException: Run mode for this set of data is marked N<br/>
</div>
</td>
<td><div><pre>org.testng.SkipException: Run mode for this set of data is marked N
	at testScripts.loginPage.LoginTest.loginTestWithCredentials(LoginTest.java:50)
... Removed 24 stack frames</pre></div><a href='#' onClick='toggleBox("stack-trace1851522556", this, "Click to show all stack frames", "Click to hide stack frames")'>Click to show all stack frames</a>
<div class='stack-trace' id='stack-trace1851522556'><pre>org.testng.SkipException: Run mode for this set of data is marked N
	at testScripts.loginPage.LoginTest.loginTestWithCredentials(LoginTest.java:50)
	at sun.reflect.NativeMethodAccessorImpl.invoke0(Native Method)
	at sun.reflect.NativeMethodAccessorImpl.invoke(NativeMethodAccessorImpl.java:62)
	at sun.reflect.DelegatingMethodAccessorImpl.invoke(DelegatingMethodAccessorImpl.java:43)
	at java.lang.reflect.Method.invoke(Method.java:498)
	at org.testng.internal.MethodInvocationHelper.invokeMethod(MethodInvocationHelper.java:86)
	at org.testng.internal.Invoker.invokeMethod(Invoker.java:645)
	at org.testng.internal.Invoker.invokeTestMethod(Invoker.java:822)
	at org.testng.internal.Invoker.invokeTestMethods(Invoker.java:1130)
	at org.testng.internal.TestMethodWorker.invokeTestMethods(TestMethodWorker.java:129)
	at org.testng.internal.TestMethodWorker.run(TestMethodWorker.java:112)
	at org.testng.TestRunner.privateRun(TestRunner.java:782)
	at org.testng.TestRunner.run(TestRunner.java:632)
	at org.testng.SuiteRunner.runTest(SuiteRunner.java:366)
	at org.testng.SuiteRunner.runSequentially(SuiteRunner.java:361)
	at org.testng.SuiteRunner.privateRun(SuiteRunner.java:319)
	at org.testng.SuiteRunner.run(SuiteRunner.java:268)
	at org.testng.SuiteRunnerWorker.runSuite(SuiteRunnerWorker.java:52)
	at org.testng.SuiteRunnerWorker.run(SuiteRunnerWorker.java:86)
	at org.testng.TestNG.runSuitesSequentially(TestNG.java:1244)
	at org.testng.TestNG.runSuitesLocally(TestNG.java:1169)
	at org.testng.TestNG.run(TestNG.java:1064)
	at org.testng.remote.RemoteTestNG.run(RemoteTestNG.java:113)
	at org.testng.remote.RemoteTestNG.initAndRun(RemoteTestNG.java:206)
	at org.testng.remote.RemoteTestNG.main(RemoteTestNG.java:177)
</pre></div></td>
<td>0</td>
<td>testScripts.loginPage.LoginTest@6574b225</td></tr>
<tr>
<td title='testScripts.loginPage.LoginTest.loginTestWithCredentials()'><b>loginTestWithCredentials</b><br>Test class: testScripts.loginPage.LoginTest<br>Parameters: mngr283898, intel@01, n<br/>
<a href="#Output-1250644519" onClick='toggleBox("Output-1250644519", this, "Show output", "Hide output");'>Show output</a>

<a href="#Output-1250644519" onClick="toggleAllBoxes();">Show all outputs</a>
<div class='log' id="Output-1250644519">
loginTestWithCredentials Test Skipped..org.testng.SkipException: Run mode for this set of data is marked N<br/>
</div>
</td>
<td><div><pre>org.testng.SkipException: Run mode for this set of data is marked N
	at testScripts.loginPage.LoginTest.loginTestWithCredentials(LoginTest.java:50)
... Removed 24 stack frames</pre></div><a href='#' onClick='toggleBox("stack-trace1250644519", this, "Click to show all stack frames", "Click to hide stack frames")'>Click to show all stack frames</a>
<div class='stack-trace' id='stack-trace1250644519'><pre>org.testng.SkipException: Run mode for this set of data is marked N
	at testScripts.loginPage.LoginTest.loginTestWithCredentials(LoginTest.java:50)
	at sun.reflect.NativeMethodAccessorImpl.invoke0(Native Method)
	at sun.reflect.NativeMethodAccessorImpl.invoke(NativeMethodAccessorImpl.java:62)
	at sun.reflect.DelegatingMethodAccessorImpl.invoke(DelegatingMethodAccessorImpl.java:43)
	at java.lang.reflect.Method.invoke(Method.java:498)
	at org.testng.internal.MethodInvocationHelper.invokeMethod(MethodInvocationHelper.java:86)
	at org.testng.internal.Invoker.invokeMethod(Invoker.java:645)
	at org.testng.internal.Invoker.invokeTestMethod(Invoker.java:822)
	at org.testng.internal.Invoker.invokeTestMethods(Invoker.java:1130)
	at org.testng.internal.TestMethodWorker.invokeTestMethods(TestMethodWorker.java:129)
	at org.testng.internal.TestMethodWorker.run(TestMethodWorker.java:112)
	at org.testng.TestRunner.privateRun(TestRunner.java:782)
	at org.testng.TestRunner.run(TestRunner.java:632)
	at org.testng.SuiteRunner.runTest(SuiteRunner.java:366)
	at org.testng.SuiteRunner.runSequentially(SuiteRunner.java:361)
	at org.testng.SuiteRunner.privateRun(SuiteRunner.java:319)
	at org.testng.SuiteRunner.run(SuiteRunner.java:268)
	at org.testng.SuiteRunnerWorker.runSuite(SuiteRunnerWorker.java:52)
	at org.testng.SuiteRunnerWorker.run(SuiteRunnerWorker.java:86)
	at org.testng.TestNG.runSuitesSequentially(TestNG.java:1244)
	at org.testng.TestNG.runSuitesLocally(TestNG.java:1169)
	at org.testng.TestNG.run(TestNG.java:1064)
	at org.testng.remote.RemoteTestNG.run(RemoteTestNG.java:113)
	at org.testng.remote.RemoteTestNG.initAndRun(RemoteTestNG.java:206)
	at org.testng.remote.RemoteTestNG.main(RemoteTestNG.java:177)
</pre></div></td>
<td>0</td>
<td>testScripts.loginPage.LoginTest@6574b225</td></tr>
<tr>
<td title='testScripts.loginPage.LoginTest.loginTestWithCredentials()'><b>loginTestWithCredentials</b><br>Test class: testScripts.loginPage.LoginTest<br>Parameters: sam, test@01, n<br/>
<a href="#Output-1658785779" onClick='toggleBox("Output-1658785779", this, "Show output", "Hide output");'>Show output</a>

<a href="#Output-1658785779" onClick="toggleAllBoxes();">Show all outputs</a>
<div class='log' id="Output-1658785779">
loginTestWithCredentials Test Skipped..org.testng.SkipException: Run mode for this set of data is marked N<br/>
</div>
</td>
<td><div><pre>org.testng.SkipException: Run mode for this set of data is marked N
	at testScripts.loginPage.LoginTest.loginTestWithCredentials(LoginTest.java:50)
... Removed 24 stack frames</pre></div><a href='#' onClick='toggleBox("stack-trace1658785779", this, "Click to show all stack frames", "Click to hide stack frames")'>Click to show all stack frames</a>
<div class='stack-trace' id='stack-trace1658785779'><pre>org.testng.SkipException: Run mode for this set of data is marked N
	at testScripts.loginPage.LoginTest.loginTestWithCredentials(LoginTest.java:50)
	at sun.reflect.NativeMethodAccessorImpl.invoke0(Native Method)
	at sun.reflect.NativeMethodAccessorImpl.invoke(NativeMethodAccessorImpl.java:62)
	at sun.reflect.DelegatingMethodAccessorImpl.invoke(DelegatingMethodAccessorImpl.java:43)
	at java.lang.reflect.Method.invoke(Method.java:498)
	at org.testng.internal.MethodInvocationHelper.invokeMethod(MethodInvocationHelper.java:86)
	at org.testng.internal.Invoker.invokeMethod(Invoker.java:645)
	at org.testng.internal.Invoker.invokeTestMethod(Invoker.java:822)
	at org.testng.internal.Invoker.invokeTestMethods(Invoker.java:1130)
	at org.testng.internal.TestMethodWorker.invokeTestMethods(TestMethodWorker.java:129)
	at org.testng.internal.TestMethodWorker.run(TestMethodWorker.java:112)
	at org.testng.TestRunner.privateRun(TestRunner.java:782)
	at org.testng.TestRunner.run(TestRunner.java:632)
	at org.testng.SuiteRunner.runTest(SuiteRunner.java:366)
	at org.testng.SuiteRunner.runSequentially(SuiteRunner.java:361)
	at org.testng.SuiteRunner.privateRun(SuiteRunner.java:319)
	at org.testng.SuiteRunner.run(SuiteRunner.java:268)
	at org.testng.SuiteRunnerWorker.runSuite(SuiteRunnerWorker.java:52)
	at org.testng.SuiteRunnerWorker.run(SuiteRunnerWorker.java:86)
	at org.testng.TestNG.runSuitesSequentially(TestNG.java:1244)
	at org.testng.TestNG.runSuitesLocally(TestNG.java:1169)
	at org.testng.TestNG.run(TestNG.java:1064)
	at org.testng.remote.RemoteTestNG.run(RemoteTestNG.java:113)
	at org.testng.remote.RemoteTestNG.initAndRun(RemoteTestNG.java:206)
	at org.testng.remote.RemoteTestNG.main(RemoteTestNG.java:177)
</pre></div></td>
<td>0</td>
<td>testScripts.loginPage.LoginTest@6574b225</td></tr>
</table><p>
</body>
</html>